{"/Users/alexanderpalazzo/Documents/codesmith/projects/mix-match/client/src/App.js": {"path":"/Users/alexanderpalazzo/Documents/codesmith/projects/mix-match/client/src/App.js","statementMap":{"0":{"start":{"line":15,"column":15},"end":{"line":15,"column":56}},"1":{"start":{"line":15,"column":38},"end":{"line":15,"column":55}},"2":{"start":{"line":16,"column":15},"end":{"line":16,"column":56}},"3":{"start":{"line":16,"column":38},"end":{"line":16,"column":55}},"4":{"start":{"line":17,"column":2},"end":{"line":17,"column":20}},"5":{"start":{"line":18,"column":2},"end":{"line":18,"column":47}},"6":{"start":{"line":21,"column":2},"end":{"line":27,"column":3}},"7":{"start":{"line":22,"column":4},"end":{"line":26,"column":6}},"8":{"start":{"line":29,"column":2},"end":{"line":38,"column":3}},"9":{"start":{"line":30,"column":4},"end":{"line":37,"column":6}},"10":{"start":{"line":40,"column":2},"end":{"line":50,"column":4}}},"fnMap":{"0":{"name":"App","decl":{"start":{"line":14,"column":9},"end":{"line":14,"column":12}},"loc":{"start":{"line":14,"column":15},"end":{"line":51,"column":1}},"line":14},"1":{"name":"(anonymous_1)","decl":{"start":{"line":15,"column":27},"end":{"line":15,"column":28}},"loc":{"start":{"line":15,"column":38},"end":{"line":15,"column":55}},"line":15},"2":{"name":"(anonymous_2)","decl":{"start":{"line":16,"column":27},"end":{"line":16,"column":28}},"loc":{"start":{"line":16,"column":38},"end":{"line":16,"column":55}},"line":16}},"branchMap":{"0":{"loc":{"start":{"line":21,"column":2},"end":{"line":27,"column":3}},"type":"if","locations":[{"start":{"line":21,"column":2},"end":{"line":27,"column":3}},{"start":{},"end":{}}],"line":21},"1":{"loc":{"start":{"line":21,"column":6},"end":{"line":21,"column":38}},"type":"binary-expr","locations":[{"start":{"line":21,"column":6},"end":{"line":21,"column":11}},{"start":{"line":21,"column":15},"end":{"line":21,"column":38}}],"line":21},"2":{"loc":{"start":{"line":29,"column":2},"end":{"line":38,"column":3}},"type":"if","locations":[{"start":{"line":29,"column":2},"end":{"line":38,"column":3}},{"start":{},"end":{}}],"line":29},"3":{"loc":{"start":{"line":33,"column":11},"end":{"line":33,"column":66}},"type":"binary-expr","locations":[{"start":{"line":33,"column":11},"end":{"line":33,"column":27}},{"start":{"line":33,"column":31},"end":{"line":33,"column":66}}],"line":33},"4":{"loc":{"start":{"line":34,"column":11},"end":{"line":34,"column":67}},"type":"binary-expr","locations":[{"start":{"line":34,"column":11},"end":{"line":34,"column":29}},{"start":{"line":34,"column":33},"end":{"line":34,"column":67}}],"line":34},"5":{"loc":{"start":{"line":43,"column":7},"end":{"line":43,"column":34}},"type":"binary-expr","locations":[{"start":{"line":43,"column":7},"end":{"line":43,"column":22}},{"start":{"line":43,"column":26},"end":{"line":43,"column":34}}],"line":43},"6":{"loc":{"start":{"line":44,"column":7},"end":{"line":44,"column":58}},"type":"binary-expr","locations":[{"start":{"line":44,"column":7},"end":{"line":44,"column":35}},{"start":{"line":44,"column":39},"end":{"line":44,"column":58}}],"line":44},"7":{"loc":{"start":{"line":45,"column":7},"end":{"line":45,"column":55}},"type":"binary-expr","locations":[{"start":{"line":45,"column":7},"end":{"line":45,"column":33}},{"start":{"line":45,"column":37},"end":{"line":45,"column":55}}],"line":45},"8":{"loc":{"start":{"line":46,"column":7},"end":{"line":46,"column":47}},"type":"binary-expr","locations":[{"start":{"line":46,"column":7},"end":{"line":46,"column":31}},{"start":{"line":46,"column":35},"end":{"line":46,"column":47}}],"line":46},"9":{"loc":{"start":{"line":47,"column":7},"end":{"line":47,"column":44}},"type":"binary-expr","locations":[{"start":{"line":47,"column":7},"end":{"line":47,"column":29}},{"start":{"line":47,"column":33},"end":{"line":47,"column":44}}],"line":47},"10":{"loc":{"start":{"line":48,"column":7},"end":{"line":48,"column":49}},"type":"binary-expr","locations":[{"start":{"line":48,"column":7},"end":{"line":48,"column":30}},{"start":{"line":48,"column":34},"end":{"line":48,"column":49}}],"line":48}},"s":{"0":3,"1":4,"2":2,"3":4,"4":2,"5":2,"6":2,"7":2,"8":0,"9":0,"10":0},"f":{"0":3,"1":4,"2":4},"b":{"0":[2,0],"1":[2,2],"2":[0,0],"3":[0,0],"4":[0,0],"5":[0,0],"6":[0,0],"7":[0,0],"8":[0,0],"9":[0,0],"10":[0,0]},"_coverageSchema":"1a1c01bbd47fc00a2c39e90264f33305004495a9","hash":"0fca46e97a80eb4f8c5088e67939feb5195631d1"}
,"/Users/alexanderpalazzo/Documents/codesmith/projects/mix-match/client/src/index.js": {"path":"/Users/alexanderpalazzo/Documents/codesmith/projects/mix-match/client/src/index.js","statementMap":{"0":{"start":{"line":7,"column":13},"end":{"line":7,"column":65}},"1":{"start":{"line":8,"column":0},"end":{"line":12,"column":2}}},"fnMap":{},"branchMap":{},"s":{"0":0,"1":0},"f":{},"b":{}}
,"/Users/alexanderpalazzo/Documents/codesmith/projects/mix-match/client/src/app/store.js": {"path":"/Users/alexanderpalazzo/Documents/codesmith/projects/mix-match/client/src/app/store.js","statementMap":{"0":{"start":{"line":4,"column":21},"end":{"line":6,"column":2}}},"fnMap":{},"branchMap":{},"s":{"0":1},"f":{},"b":{},"_coverageSchema":"1a1c01bbd47fc00a2c39e90264f33305004495a9","hash":"213d58b65518c971a8c1dc896f2ad05fc3f6dc56"}
,"/Users/alexanderpalazzo/Documents/codesmith/projects/mix-match/client/src/components/Navbar.jsx": {"path":"/Users/alexanderpalazzo/Documents/codesmith/projects/mix-match/client/src/components/Navbar.jsx","statementMap":{"0":{"start":{"line":7,"column":15},"end":{"line":7,"column":56}},"1":{"start":{"line":7,"column":38},"end":{"line":7,"column":55}},"2":{"start":{"line":8,"column":2},"end":{"line":8,"column":32}},"3":{"start":{"line":9,"column":15},"end":{"line":9,"column":56}},"4":{"start":{"line":9,"column":38},"end":{"line":9,"column":55}},"5":{"start":{"line":10,"column":19},"end":{"line":10,"column":32}},"6":{"start":{"line":11,"column":2},"end":{"line":68,"column":6}},"7":{"start":{"line":12,"column":4},"end":{"line":68,"column":6}},"8":{"start":{"line":20,"column":33},"end":{"line":20,"column":59}},"9":{"start":{"line":26,"column":33},"end":{"line":26,"column":72}},"10":{"start":{"line":32,"column":33},"end":{"line":32,"column":70}},"11":{"start":{"line":38,"column":33},"end":{"line":38,"column":66}},"12":{"start":{"line":44,"column":33},"end":{"line":44,"column":67}},"13":{"start":{"line":50,"column":33},"end":{"line":50,"column":68}},"14":{"start":{"line":57,"column":20},"end":{"line":57,"column":55}},"15":{"start":{"line":58,"column":20},"end":{"line":58,"column":43}}},"fnMap":{"0":{"name":"Navbar","decl":{"start":{"line":6,"column":24},"end":{"line":6,"column":30}},"loc":{"start":{"line":6,"column":33},"end":{"line":69,"column":1}},"line":6},"1":{"name":"(anonymous_1)","decl":{"start":{"line":7,"column":27},"end":{"line":7,"column":28}},"loc":{"start":{"line":7,"column":38},"end":{"line":7,"column":55}},"line":7},"2":{"name":"(anonymous_2)","decl":{"start":{"line":9,"column":27},"end":{"line":9,"column":28}},"loc":{"start":{"line":9,"column":38},"end":{"line":9,"column":55}},"line":9},"3":{"name":"(anonymous_3)","decl":{"start":{"line":20,"column":27},"end":{"line":20,"column":28}},"loc":{"start":{"line":20,"column":33},"end":{"line":20,"column":59}},"line":20},"4":{"name":"(anonymous_4)","decl":{"start":{"line":26,"column":27},"end":{"line":26,"column":28}},"loc":{"start":{"line":26,"column":33},"end":{"line":26,"column":72}},"line":26},"5":{"name":"(anonymous_5)","decl":{"start":{"line":32,"column":27},"end":{"line":32,"column":28}},"loc":{"start":{"line":32,"column":33},"end":{"line":32,"column":70}},"line":32},"6":{"name":"(anonymous_6)","decl":{"start":{"line":38,"column":27},"end":{"line":38,"column":28}},"loc":{"start":{"line":38,"column":33},"end":{"line":38,"column":66}},"line":38},"7":{"name":"(anonymous_7)","decl":{"start":{"line":44,"column":27},"end":{"line":44,"column":28}},"loc":{"start":{"line":44,"column":33},"end":{"line":44,"column":67}},"line":44},"8":{"name":"(anonymous_8)","decl":{"start":{"line":50,"column":27},"end":{"line":50,"column":28}},"loc":{"start":{"line":50,"column":33},"end":{"line":50,"column":68}},"line":50},"9":{"name":"(anonymous_9)","decl":{"start":{"line":56,"column":27},"end":{"line":56,"column":28}},"loc":{"start":{"line":56,"column":33},"end":{"line":59,"column":19}},"line":56}},"branchMap":{"0":{"loc":{"start":{"line":11,"column":2},"end":{"line":68,"column":6}},"type":"if","locations":[{"start":{"line":11,"column":2},"end":{"line":68,"column":6}},{"start":{},"end":{}}],"line":11},"1":{"loc":{"start":{"line":11,"column":6},"end":{"line":11,"column":44}},"type":"binary-expr","locations":[{"start":{"line":11,"column":6},"end":{"line":11,"column":22}},{"start":{"line":11,"column":26},"end":{"line":11,"column":44}}],"line":11},"2":{"loc":{"start":{"line":15,"column":11},"end":{"line":65,"column":11}},"type":"binary-expr","locations":[{"start":{"line":15,"column":11},"end":{"line":15,"column":15}},{"start":{"line":16,"column":12},"end":{"line":64,"column":15}}],"line":15}},"s":{"0":0,"1":0,"2":0,"3":0,"4":0,"5":0,"6":0,"7":0,"8":0,"9":0,"10":0,"11":0,"12":0,"13":0,"14":0,"15":0},"f":{"0":0,"1":0,"2":0,"3":0,"4":0,"5":0,"6":0,"7":0,"8":0,"9":0},"b":{"0":[0,0],"1":[0,0],"2":[0,0]},"_coverageSchema":"1a1c01bbd47fc00a2c39e90264f33305004495a9","hash":"e0df8119ea737c93ff53a32defeaa820e77f598d"}
,"/Users/alexanderpalazzo/Documents/codesmith/projects/mix-match/client/src/components/OutfitCard.jsx": {"path":"/Users/alexanderpalazzo/Documents/codesmith/projects/mix-match/client/src/components/OutfitCard.jsx","statementMap":{"0":{"start":{"line":10,"column":34},"end":{"line":10,"column":48}},"1":{"start":{"line":11,"column":19},"end":{"line":11,"column":32}},"2":{"start":{"line":12,"column":16},"end":{"line":12,"column":49}},"3":{"start":{"line":13,"column":2},"end":{"line":65,"column":4}},"4":{"start":{"line":47,"column":14},"end":{"line":51,"column":15}},"5":{"start":{"line":48,"column":16},"end":{"line":48,"column":58}},"6":{"start":{"line":49,"column":36},"end":{"line":49,"column":64}},"7":{"start":{"line":50,"column":16},"end":{"line":50,"column":49}},"8":{"start":{"line":69,"column":2},"end":{"line":101,"column":4}},"9":{"start":{"line":73,"column":8},"end":{"line":96,"column":9}},"10":{"start":{"line":74,"column":27},"end":{"line":77,"column":11}},"11":{"start":{"line":78,"column":23},"end":{"line":78,"column":36}},"12":{"start":{"line":79,"column":10},"end":{"line":90,"column":11}},"13":{"start":{"line":84,"column":12},"end":{"line":84,"column":30}},"14":{"start":{"line":86,"column":12},"end":{"line":89,"column":15}},"15":{"start":{"line":92,"column":10},"end":{"line":95,"column":13}}},"fnMap":{"0":{"name":"OutfitCard","decl":{"start":{"line":9,"column":24},"end":{"line":9,"column":34}},"loc":{"start":{"line":9,"column":63},"end":{"line":66,"column":1}},"line":9},"1":{"name":"(anonymous_1)","decl":{"start":{"line":46,"column":21},"end":{"line":46,"column":22}},"loc":{"start":{"line":46,"column":33},"end":{"line":52,"column":13}},"line":46},"2":{"name":"IconButton","decl":{"start":{"line":68,"column":9},"end":{"line":68,"column":19}},"loc":{"start":{"line":68,"column":74},"end":{"line":102,"column":1}},"line":68},"3":{"name":"(anonymous_3)","decl":{"start":{"line":72,"column":15},"end":{"line":72,"column":16}},"loc":{"start":{"line":72,"column":27},"end":{"line":97,"column":7}},"line":72}},"branchMap":{"0":{"loc":{"start":{"line":21,"column":9},"end":{"line":23,"column":9}},"type":"binary-expr","locations":[{"start":{"line":21,"column":9},"end":{"line":21,"column":22}},{"start":{"line":22,"column":10},"end":{"line":22,"column":78}}],"line":21},"1":{"loc":{"start":{"line":25,"column":9},"end":{"line":31,"column":9}},"type":"binary-expr","locations":[{"start":{"line":25,"column":9},"end":{"line":25,"column":25}},{"start":{"line":26,"column":10},"end":{"line":30,"column":12}}],"line":25},"2":{"loc":{"start":{"line":33,"column":9},"end":{"line":39,"column":9}},"type":"binary-expr","locations":[{"start":{"line":33,"column":9},"end":{"line":33,"column":26}},{"start":{"line":34,"column":10},"end":{"line":38,"column":12}}],"line":33},"3":{"loc":{"start":{"line":43,"column":9},"end":{"line":56,"column":9}},"type":"binary-expr","locations":[{"start":{"line":43,"column":9},"end":{"line":43,"column":16}},{"start":{"line":44,"column":10},"end":{"line":55,"column":16}}],"line":43},"4":{"loc":{"start":{"line":47,"column":14},"end":{"line":51,"column":15}},"type":"if","locations":[{"start":{"line":47,"column":14},"end":{"line":51,"column":15}},{"start":{},"end":{}}],"line":47},"5":{"loc":{"start":{"line":59,"column":7},"end":{"line":63,"column":7}},"type":"binary-expr","locations":[{"start":{"line":59,"column":7},"end":{"line":59,"column":15}},{"start":{"line":60,"column":8},"end":{"line":62,"column":14}}],"line":59},"6":{"loc":{"start":{"line":73,"column":8},"end":{"line":96,"column":9}},"type":"if","locations":[{"start":{"line":73,"column":8},"end":{"line":96,"column":9}},{"start":{"line":91,"column":15},"end":{"line":96,"column":9}}],"line":73},"7":{"loc":{"start":{"line":75,"column":24},"end":{"line":75,"column":55}},"type":"cond-expr","locations":[{"start":{"line":75,"column":47},"end":{"line":75,"column":49}},{"start":{"line":75,"column":52},"end":{"line":75,"column":55}}],"line":75},"8":{"loc":{"start":{"line":79,"column":10},"end":{"line":90,"column":11}},"type":"if","locations":[{"start":{"line":79,"column":10},"end":{"line":90,"column":11}},{"start":{"line":85,"column":17},"end":{"line":90,"column":11}}],"line":79},"9":{"loc":{"start":{"line":80,"column":12},"end":{"line":82,"column":70}},"type":"binary-expr","locations":[{"start":{"line":80,"column":12},"end":{"line":80,"column":20}},{"start":{"line":81,"column":12},"end":{"line":81,"column":42}},{"start":{"line":82,"column":12},"end":{"line":82,"column":70}}],"line":80}},"s":{"0":0,"1":0,"2":0,"3":0,"4":0,"5":0,"6":0,"7":0,"8":0,"9":0,"10":0,"11":0,"12":0,"13":0,"14":0,"15":0},"f":{"0":0,"1":0,"2":0,"3":0},"b":{"0":[0,0],"1":[0,0],"2":[0,0],"3":[0,0],"4":[0,0],"5":[0,0],"6":[0,0],"7":[0,0],"8":[0,0],"9":[0,0,0]},"_coverageSchema":"1a1c01bbd47fc00a2c39e90264f33305004495a9","hash":"50ab8fa9f50fbae9fdb3ca895416e8370f98d876"}
,"/Users/alexanderpalazzo/Documents/codesmith/projects/mix-match/client/src/components/WobbedrobeItemCard.jsx": {"path":"/Users/alexanderpalazzo/Documents/codesmith/projects/mix-match/client/src/components/WobbedrobeItemCard.jsx","statementMap":{"0":{"start":{"line":15,"column":47},"end":{"line":15,"column":51}},"1":{"start":{"line":16,"column":17},"end":{"line":16,"column":66}},"2":{"start":{"line":16,"column":40},"end":{"line":16,"column":57}},"3":{"start":{"line":18,"column":36},"end":{"line":18,"column":51}},"4":{"start":{"line":19,"column":36},"end":{"line":19,"column":51}},"5":{"start":{"line":20,"column":42},"end":{"line":20,"column":57}},"6":{"start":{"line":22,"column":19},"end":{"line":22,"column":32}},"7":{"start":{"line":24,"column":21},"end":{"line":31,"column":3}},"8":{"start":{"line":32,"column":21},"end":{"line":39,"column":3}},"9":{"start":{"line":40,"column":24},"end":{"line":47,"column":3}},"10":{"start":{"line":49,"column":2},"end":{"line":74,"column":4}},"11":{"start":{"line":56,"column":12},"end":{"line":63,"column":13}},"12":{"start":{"line":57,"column":14},"end":{"line":60,"column":16}},"13":{"start":{"line":61,"column":34},"end":{"line":61,"column":62}},"14":{"start":{"line":62,"column":14},"end":{"line":62,"column":47}},"15":{"start":{"line":85,"column":19},"end":{"line":85,"column":32}},"16":{"start":{"line":86,"column":42},"end":{"line":86,"column":57}},"17":{"start":{"line":87,"column":2},"end":{"line":133,"column":4}},"18":{"start":{"line":96,"column":12},"end":{"line":96,"column":31}},"19":{"start":{"line":97,"column":25},"end":{"line":100,"column":13}},"20":{"start":{"line":101,"column":12},"end":{"line":105,"column":13}},"21":{"start":{"line":102,"column":14},"end":{"line":102,"column":68}},"22":{"start":{"line":103,"column":34},"end":{"line":103,"column":62}},"23":{"start":{"line":104,"column":14},"end":{"line":104,"column":47}},"24":{"start":{"line":106,"column":12},"end":{"line":106,"column":32}},"25":{"start":{"line":113,"column":29},"end":{"line":113,"column":60}},"26":{"start":{"line":128,"column":58},"end":{"line":128,"column":76}},"27":{"start":{"line":144,"column":19},"end":{"line":144,"column":32}},"28":{"start":{"line":145,"column":2},"end":{"line":188,"column":4}},"29":{"start":{"line":154,"column":12},"end":{"line":154,"column":31}},"30":{"start":{"line":155,"column":25},"end":{"line":158,"column":13}},"31":{"start":{"line":159,"column":12},"end":{"line":163,"column":13}},"32":{"start":{"line":160,"column":14},"end":{"line":160,"column":68}},"33":{"start":{"line":161,"column":34},"end":{"line":161,"column":62}},"34":{"start":{"line":162,"column":14},"end":{"line":162,"column":47}},"35":{"start":{"line":164,"column":12},"end":{"line":164,"column":32}},"36":{"start":{"line":169,"column":14},"end":{"line":171,"column":23}},"37":{"start":{"line":183,"column":58},"end":{"line":183,"column":76}},"38":{"start":{"line":199,"column":19},"end":{"line":199,"column":32}},"39":{"start":{"line":200,"column":2},"end":{"line":246,"column":4}},"40":{"start":{"line":209,"column":12},"end":{"line":209,"column":31}},"41":{"start":{"line":210,"column":25},"end":{"line":213,"column":13}},"42":{"start":{"line":214,"column":12},"end":{"line":218,"column":13}},"43":{"start":{"line":215,"column":14},"end":{"line":215,"column":68}},"44":{"start":{"line":216,"column":34},"end":{"line":216,"column":62}},"45":{"start":{"line":217,"column":14},"end":{"line":217,"column":47}},"46":{"start":{"line":219,"column":12},"end":{"line":219,"column":35}},"47":{"start":{"line":224,"column":14},"end":{"line":226,"column":23}},"48":{"start":{"line":240,"column":25},"end":{"line":240,"column":46}}},"fnMap":{"0":{"name":"WobbedrobeItemCard","decl":{"start":{"line":14,"column":24},"end":{"line":14,"column":42}},"loc":{"start":{"line":14,"column":63},"end":{"line":75,"column":1}},"line":14},"1":{"name":"(anonymous_1)","decl":{"start":{"line":16,"column":29},"end":{"line":16,"column":30}},"loc":{"start":{"line":16,"column":40},"end":{"line":16,"column":57}},"line":16},"2":{"name":"(anonymous_2)","decl":{"start":{"line":55,"column":19},"end":{"line":55,"column":20}},"loc":{"start":{"line":55,"column":31},"end":{"line":64,"column":11}},"line":55},"3":{"name":"ColorRow","decl":{"start":{"line":77,"column":9},"end":{"line":77,"column":17}},"loc":{"start":{"line":84,"column":3},"end":{"line":134,"column":1}},"line":84},"4":{"name":"(anonymous_4)","decl":{"start":{"line":95,"column":20},"end":{"line":95,"column":21}},"loc":{"start":{"line":95,"column":33},"end":{"line":107,"column":11}},"line":95},"5":{"name":"(anonymous_5)","decl":{"start":{"line":113,"column":22},"end":{"line":113,"column":23}},"loc":{"start":{"line":113,"column":29},"end":{"line":113,"column":60}},"line":113},"6":{"name":"(anonymous_6)","decl":{"start":{"line":128,"column":52},"end":{"line":128,"column":53}},"loc":{"start":{"line":128,"column":58},"end":{"line":128,"column":76}},"line":128},"7":{"name":"StyleRow","decl":{"start":{"line":136,"column":9},"end":{"line":136,"column":17}},"loc":{"start":{"line":143,"column":3},"end":{"line":189,"column":1}},"line":143},"8":{"name":"(anonymous_8)","decl":{"start":{"line":153,"column":20},"end":{"line":153,"column":21}},"loc":{"start":{"line":153,"column":33},"end":{"line":165,"column":11}},"line":153},"9":{"name":"(anonymous_9)","decl":{"start":{"line":168,"column":24},"end":{"line":168,"column":25}},"loc":{"start":{"line":169,"column":14},"end":{"line":171,"column":23}},"line":169},"10":{"name":"(anonymous_10)","decl":{"start":{"line":183,"column":52},"end":{"line":183,"column":53}},"loc":{"start":{"line":183,"column":58},"end":{"line":183,"column":76}},"line":183},"11":{"name":"MaterialRow","decl":{"start":{"line":191,"column":9},"end":{"line":191,"column":20}},"loc":{"start":{"line":198,"column":3},"end":{"line":247,"column":1}},"line":198},"12":{"name":"(anonymous_12)","decl":{"start":{"line":208,"column":20},"end":{"line":208,"column":21}},"loc":{"start":{"line":208,"column":33},"end":{"line":220,"column":11}},"line":208},"13":{"name":"(anonymous_13)","decl":{"start":{"line":223,"column":27},"end":{"line":223,"column":28}},"loc":{"start":{"line":224,"column":14},"end":{"line":226,"column":23}},"line":224},"14":{"name":"(anonymous_14)","decl":{"start":{"line":240,"column":19},"end":{"line":240,"column":20}},"loc":{"start":{"line":240,"column":25},"end":{"line":240,"column":46}},"line":240}},"branchMap":{"0":{"loc":{"start":{"line":27,"column":26},"end":{"line":27,"column":57}},"type":"cond-expr","locations":[{"start":{"line":27,"column":49},"end":{"line":27,"column":51}},{"start":{"line":27,"column":54},"end":{"line":27,"column":57}}],"line":27},"1":{"loc":{"start":{"line":35,"column":26},"end":{"line":35,"column":57}},"type":"cond-expr","locations":[{"start":{"line":35,"column":49},"end":{"line":35,"column":51}},{"start":{"line":35,"column":54},"end":{"line":35,"column":57}}],"line":35},"2":{"loc":{"start":{"line":43,"column":26},"end":{"line":43,"column":57}},"type":"cond-expr","locations":[{"start":{"line":43,"column":49},"end":{"line":43,"column":51}},{"start":{"line":43,"column":54},"end":{"line":43,"column":57}}],"line":43},"3":{"loc":{"start":{"line":56,"column":12},"end":{"line":63,"column":13}},"type":"if","locations":[{"start":{"line":56,"column":12},"end":{"line":63,"column":13}},{"start":{},"end":{}}],"line":56},"4":{"loc":{"start":{"line":58,"column":28},"end":{"line":58,"column":59}},"type":"cond-expr","locations":[{"start":{"line":58,"column":51},"end":{"line":58,"column":53}},{"start":{"line":58,"column":56},"end":{"line":58,"column":59}}],"line":58},"5":{"loc":{"start":{"line":72,"column":7},"end":{"line":72,"column":65}},"type":"binary-expr","locations":[{"start":{"line":72,"column":7},"end":{"line":72,"column":27}},{"start":{"line":72,"column":31},"end":{"line":72,"column":65}}],"line":72},"6":{"loc":{"start":{"line":92,"column":7},"end":{"line":118,"column":7}},"type":"binary-expr","locations":[{"start":{"line":92,"column":7},"end":{"line":92,"column":16}},{"start":{"line":93,"column":8},"end":{"line":117,"column":15}}],"line":92},"7":{"loc":{"start":{"line":101,"column":12},"end":{"line":105,"column":13}},"type":"if","locations":[{"start":{"line":101,"column":12},"end":{"line":105,"column":13}},{"start":{},"end":{}}],"line":101},"8":{"loc":{"start":{"line":119,"column":7},"end":{"line":126,"column":7}},"type":"binary-expr","locations":[{"start":{"line":119,"column":7},"end":{"line":119,"column":17}},{"start":{"line":120,"column":8},"end":{"line":125,"column":15}}],"line":119},"9":{"loc":{"start":{"line":127,"column":7},"end":{"line":131,"column":7}},"type":"binary-expr","locations":[{"start":{"line":127,"column":7},"end":{"line":127,"column":17}},{"start":{"line":128,"column":8},"end":{"line":130,"column":17}}],"line":127},"10":{"loc":{"start":{"line":150,"column":7},"end":{"line":176,"column":7}},"type":"binary-expr","locations":[{"start":{"line":150,"column":7},"end":{"line":150,"column":16}},{"start":{"line":151,"column":8},"end":{"line":175,"column":15}}],"line":150},"11":{"loc":{"start":{"line":159,"column":12},"end":{"line":163,"column":13}},"type":"if","locations":[{"start":{"line":159,"column":12},"end":{"line":163,"column":13}},{"start":{},"end":{}}],"line":159},"12":{"loc":{"start":{"line":177,"column":7},"end":{"line":181,"column":7}},"type":"binary-expr","locations":[{"start":{"line":177,"column":7},"end":{"line":177,"column":17}},{"start":{"line":178,"column":8},"end":{"line":180,"column":14}}],"line":177},"13":{"loc":{"start":{"line":182,"column":7},"end":{"line":186,"column":7}},"type":"binary-expr","locations":[{"start":{"line":182,"column":7},"end":{"line":182,"column":17}},{"start":{"line":183,"column":8},"end":{"line":185,"column":17}}],"line":182},"14":{"loc":{"start":{"line":205,"column":7},"end":{"line":231,"column":7}},"type":"binary-expr","locations":[{"start":{"line":205,"column":7},"end":{"line":205,"column":19}},{"start":{"line":206,"column":8},"end":{"line":230,"column":15}}],"line":205},"15":{"loc":{"start":{"line":214,"column":12},"end":{"line":218,"column":13}},"type":"if","locations":[{"start":{"line":214,"column":12},"end":{"line":218,"column":13}},{"start":{},"end":{}}],"line":214},"16":{"loc":{"start":{"line":232,"column":7},"end":{"line":236,"column":7}},"type":"binary-expr","locations":[{"start":{"line":232,"column":7},"end":{"line":232,"column":20}},{"start":{"line":233,"column":8},"end":{"line":235,"column":14}}],"line":232},"17":{"loc":{"start":{"line":237,"column":7},"end":{"line":244,"column":7}},"type":"binary-expr","locations":[{"start":{"line":237,"column":7},"end":{"line":237,"column":20}},{"start":{"line":238,"column":8},"end":{"line":243,"column":17}}],"line":237}},"s":{"0":0,"1":0,"2":0,"3":0,"4":0,"5":0,"6":0,"7":0,"8":0,"9":0,"10":0,"11":0,"12":0,"13":0,"14":0,"15":0,"16":0,"17":0,"18":0,"19":0,"20":0,"21":0,"22":0,"23":0,"24":0,"25":0,"26":0,"27":0,"28":0,"29":0,"30":0,"31":0,"32":0,"33":0,"34":0,"35":0,"36":0,"37":0,"38":0,"39":0,"40":0,"41":0,"42":0,"43":0,"44":0,"45":0,"46":0,"47":0,"48":0},"f":{"0":0,"1":0,"2":0,"3":0,"4":0,"5":0,"6":0,"7":0,"8":0,"9":0,"10":0,"11":0,"12":0,"13":0,"14":0},"b":{"0":[0,0],"1":[0,0],"2":[0,0],"3":[0,0],"4":[0,0],"5":[0,0],"6":[0,0],"7":[0,0],"8":[0,0],"9":[0,0],"10":[0,0],"11":[0,0],"12":[0,0],"13":[0,0],"14":[0,0],"15":[0,0],"16":[0,0],"17":[0,0]},"_coverageSchema":"1a1c01bbd47fc00a2c39e90264f33305004495a9","hash":"08f73a9c01bc9cdd949543f39b948efae7d73ee8"}
,"/Users/alexanderpalazzo/Documents/codesmith/projects/mix-match/client/src/components/pages/AddOOTD.jsx": {"path":"/Users/alexanderpalazzo/Documents/codesmith/projects/mix-match/client/src/components/pages/AddOOTD.jsx","statementMap":{"0":{"start":{"line":11,"column":15},"end":{"line":11,"column":56}},"1":{"start":{"line":11,"column":38},"end":{"line":11,"column":55}},"2":{"start":{"line":12,"column":15},"end":{"line":12,"column":56}},"3":{"start":{"line":12,"column":38},"end":{"line":12,"column":55}},"4":{"start":{"line":13,"column":19},"end":{"line":13,"column":32}},"5":{"start":{"line":14,"column":30},"end":{"line":19,"column":4}},"6":{"start":{"line":20,"column":36},"end":{"line":20,"column":51}},"7":{"start":{"line":21,"column":34},"end":{"line":21,"column":48}},"8":{"start":{"line":22,"column":2},"end":{"line":22,"column":39}},"9":{"start":{"line":24,"column":2},"end":{"line":101,"column":6}},"10":{"start":{"line":25,"column":4},"end":{"line":101,"column":6}},"11":{"start":{"line":31,"column":16},"end":{"line":38,"column":18}},"12":{"start":{"line":43,"column":20},"end":{"line":43,"column":39}},"13":{"start":{"line":44,"column":33},"end":{"line":44,"column":60}},"14":{"start":{"line":45,"column":20},"end":{"line":45,"column":38}},"15":{"start":{"line":46,"column":20},"end":{"line":68,"column":21}},"16":{"start":{"line":47,"column":37},"end":{"line":47,"column":53}},"17":{"start":{"line":48,"column":22},"end":{"line":66,"column":24}},"18":{"start":{"line":49,"column":40},"end":{"line":49,"column":53}},"19":{"start":{"line":50,"column":37},"end":{"line":54,"column":25}},"20":{"start":{"line":55,"column":24},"end":{"line":55,"column":42}},"21":{"start":{"line":56,"column":24},"end":{"line":65,"column":25}},"22":{"start":{"line":57,"column":44},"end":{"line":57,"column":70}},"23":{"start":{"line":58,"column":26},"end":{"line":58,"column":49}},"24":{"start":{"line":59,"column":26},"end":{"line":59,"column":59}},"25":{"start":{"line":60,"column":46},"end":{"line":62,"column":27}},"26":{"start":{"line":63,"column":26},"end":{"line":63,"column":59}},"27":{"start":{"line":64,"column":26},"end":{"line":64,"column":46}},"28":{"start":{"line":67,"column":22},"end":{"line":67,"column":49}},"29":{"start":{"line":105,"column":2},"end":{"line":146,"column":4}},"30":{"start":{"line":112,"column":26},"end":{"line":112,"column":67}},"31":{"start":{"line":114,"column":12},"end":{"line":142,"column":18}},"32":{"start":{"line":120,"column":29},"end":{"line":120,"column":42}},"33":{"start":{"line":121,"column":16},"end":{"line":130,"column":17}},"34":{"start":{"line":122,"column":18},"end":{"line":122,"column":36}},"35":{"start":{"line":123,"column":23},"end":{"line":130,"column":17}},"36":{"start":{"line":124,"column":18},"end":{"line":124,"column":34}},"37":{"start":{"line":125,"column":18},"end":{"line":125,"column":37}},"38":{"start":{"line":126,"column":18},"end":{"line":126,"column":38}},"39":{"start":{"line":128,"column":18},"end":{"line":128,"column":40}},"40":{"start":{"line":129,"column":18},"end":{"line":129,"column":38}},"41":{"start":{"line":131,"column":16},"end":{"line":131,"column":32}},"42":{"start":{"line":132,"column":16},"end":{"line":134,"column":17}},"43":{"start":{"line":133,"column":18},"end":{"line":133,"column":37}}},"fnMap":{"0":{"name":"AddOOTD","decl":{"start":{"line":10,"column":24},"end":{"line":10,"column":31}},"loc":{"start":{"line":10,"column":34},"end":{"line":102,"column":1}},"line":10},"1":{"name":"(anonymous_1)","decl":{"start":{"line":11,"column":27},"end":{"line":11,"column":28}},"loc":{"start":{"line":11,"column":38},"end":{"line":11,"column":55}},"line":11},"2":{"name":"(anonymous_2)","decl":{"start":{"line":12,"column":27},"end":{"line":12,"column":28}},"loc":{"start":{"line":12,"column":38},"end":{"line":12,"column":55}},"line":12},"3":{"name":"(anonymous_3)","decl":{"start":{"line":30,"column":57},"end":{"line":30,"column":58}},"loc":{"start":{"line":31,"column":16},"end":{"line":38,"column":18}},"line":31},"4":{"name":"(anonymous_4)","decl":{"start":{"line":42,"column":28},"end":{"line":42,"column":29}},"loc":{"start":{"line":42,"column":41},"end":{"line":69,"column":19}},"line":42},"5":{"name":"(anonymous_5)","decl":{"start":{"line":48,"column":41},"end":{"line":48,"column":42}},"loc":{"start":{"line":48,"column":53},"end":{"line":66,"column":23}},"line":48},"6":{"name":"ItemsContainer","decl":{"start":{"line":104,"column":9},"end":{"line":104,"column":23}},"loc":{"start":{"line":104,"column":78},"end":{"line":147,"column":1}},"line":104},"7":{"name":"(anonymous_7)","decl":{"start":{"line":112,"column":16},"end":{"line":112,"column":17}},"loc":{"start":{"line":112,"column":26},"end":{"line":112,"column":67}},"line":112},"8":{"name":"(anonymous_8)","decl":{"start":{"line":113,"column":15},"end":{"line":113,"column":16}},"loc":{"start":{"line":114,"column":12},"end":{"line":142,"column":18}},"line":114},"9":{"name":"(anonymous_9)","decl":{"start":{"line":119,"column":23},"end":{"line":119,"column":24}},"loc":{"start":{"line":119,"column":29},"end":{"line":135,"column":15}},"line":119}},"branchMap":{"0":{"loc":{"start":{"line":24,"column":2},"end":{"line":101,"column":6}},"type":"if","locations":[{"start":{"line":24,"column":2},"end":{"line":101,"column":6}},{"start":{},"end":{}}],"line":24},"1":{"loc":{"start":{"line":28,"column":11},"end":{"line":81,"column":11}},"type":"binary-expr","locations":[{"start":{"line":28,"column":11},"end":{"line":28,"column":20}},{"start":{"line":29,"column":12},"end":{"line":80,"column":18}}],"line":28},"2":{"loc":{"start":{"line":40,"column":15},"end":{"line":79,"column":15}},"type":"binary-expr","locations":[{"start":{"line":40,"column":15},"end":{"line":40,"column":24}},{"start":{"line":41,"column":16},"end":{"line":78,"column":23}}],"line":40},"3":{"loc":{"start":{"line":46,"column":20},"end":{"line":68,"column":21}},"type":"if","locations":[{"start":{"line":46,"column":20},"end":{"line":68,"column":21}},{"start":{},"end":{}}],"line":46},"4":{"loc":{"start":{"line":56,"column":24},"end":{"line":65,"column":25}},"type":"if","locations":[{"start":{"line":56,"column":24},"end":{"line":65,"column":25}},{"start":{},"end":{}}],"line":56},"5":{"loc":{"start":{"line":83,"column":9},"end":{"line":99,"column":9}},"type":"binary-expr","locations":[{"start":{"line":83,"column":9},"end":{"line":83,"column":17}},{"start":{"line":84,"column":10},"end":{"line":98,"column":16}}],"line":83},"6":{"loc":{"start":{"line":89,"column":24},"end":{"line":89,"column":66}},"type":"cond-expr","locations":[{"start":{"line":89,"column":37},"end":{"line":89,"column":54}},{"start":{"line":89,"column":57},"end":{"line":89,"column":66}}],"line":89},"7":{"loc":{"start":{"line":90,"column":27},"end":{"line":90,"column":78}},"type":"cond-expr","locations":[{"start":{"line":90,"column":43},"end":{"line":90,"column":66}},{"start":{"line":90,"column":69},"end":{"line":90,"column":78}}],"line":90},"8":{"loc":{"start":{"line":91,"column":28},"end":{"line":93,"column":29}},"type":"cond-expr","locations":[{"start":{"line":92,"column":20},"end":{"line":92,"column":45}},{"start":{"line":93,"column":20},"end":{"line":93,"column":29}}],"line":91},"9":{"loc":{"start":{"line":108,"column":24},"end":{"line":108,"column":55}},"type":"cond-expr","locations":[{"start":{"line":108,"column":47},"end":{"line":108,"column":49}},{"start":{"line":108,"column":52},"end":{"line":108,"column":55}}],"line":108},"10":{"loc":{"start":{"line":117,"column":17},"end":{"line":117,"column":59}},"type":"cond-expr","locations":[{"start":{"line":117,"column":45},"end":{"line":117,"column":54}},{"start":{"line":117,"column":57},"end":{"line":117,"column":59}}],"line":117},"11":{"loc":{"start":{"line":121,"column":16},"end":{"line":130,"column":17}},"type":"if","locations":[{"start":{"line":121,"column":16},"end":{"line":130,"column":17}},{"start":{"line":123,"column":23},"end":{"line":130,"column":17}}],"line":121},"12":{"loc":{"start":{"line":123,"column":23},"end":{"line":130,"column":17}},"type":"if","locations":[{"start":{"line":123,"column":23},"end":{"line":130,"column":17}},{"start":{"line":127,"column":23},"end":{"line":130,"column":17}}],"line":123},"13":{"loc":{"start":{"line":132,"column":16},"end":{"line":134,"column":17}},"type":"if","locations":[{"start":{"line":132,"column":16},"end":{"line":134,"column":17}},{"start":{},"end":{}}],"line":132},"14":{"loc":{"start":{"line":132,"column":20},"end":{"line":132,"column":77}},"type":"binary-expr","locations":[{"start":{"line":132,"column":20},"end":{"line":132,"column":30}},{"start":{"line":132,"column":35},"end":{"line":132,"column":47}},{"start":{"line":132,"column":52},"end":{"line":132,"column":60}},{"start":{"line":132,"column":64},"end":{"line":132,"column":75}}],"line":132}},"s":{"0":0,"1":0,"2":0,"3":0,"4":0,"5":0,"6":0,"7":0,"8":0,"9":0,"10":0,"11":0,"12":0,"13":0,"14":0,"15":0,"16":0,"17":0,"18":0,"19":0,"20":0,"21":0,"22":0,"23":0,"24":0,"25":0,"26":0,"27":0,"28":0,"29":0,"30":0,"31":0,"32":0,"33":0,"34":0,"35":0,"36":0,"37":0,"38":0,"39":0,"40":0,"41":0,"42":0,"43":0},"f":{"0":0,"1":0,"2":0,"3":0,"4":0,"5":0,"6":0,"7":0,"8":0,"9":0},"b":{"0":[0,0],"1":[0,0],"2":[0,0],"3":[0,0],"4":[0,0],"5":[0,0],"6":[0,0],"7":[0,0],"8":[0,0],"9":[0,0],"10":[0,0],"11":[0,0],"12":[0,0],"13":[0,0],"14":[0,0,0,0]},"_coverageSchema":"1a1c01bbd47fc00a2c39e90264f33305004495a9","hash":"3ad3c543f175dbb77412d3c69949106e4d8af5d5"}
,"/Users/alexanderpalazzo/Documents/codesmith/projects/mix-match/client/src/components/pages/AddToWobbedrobe.jsx": {"path":"/Users/alexanderpalazzo/Documents/codesmith/projects/mix-match/client/src/components/pages/AddToWobbedrobe.jsx","statementMap":{"0":{"start":{"line":14,"column":15},"end":{"line":14,"column":56}},"1":{"start":{"line":14,"column":38},"end":{"line":14,"column":55}},"2":{"start":{"line":15,"column":15},"end":{"line":15,"column":56}},"3":{"start":{"line":15,"column":38},"end":{"line":15,"column":55}},"4":{"start":{"line":16,"column":19},"end":{"line":16,"column":32}},"5":{"start":{"line":17,"column":36},"end":{"line":17,"column":50}},"6":{"start":{"line":18,"column":2},"end":{"line":95,"column":6}},"7":{"start":{"line":19,"column":4},"end":{"line":95,"column":6}},"8":{"start":{"line":23,"column":35},"end":{"line":23,"column":55}},"9":{"start":{"line":24,"column":35},"end":{"line":24,"column":58}},"10":{"start":{"line":25,"column":35},"end":{"line":25,"column":59}},"11":{"start":{"line":26,"column":35},"end":{"line":26,"column":56}},"12":{"start":{"line":34,"column":16},"end":{"line":34,"column":35}},"13":{"start":{"line":35,"column":29},"end":{"line":40,"column":17}},"14":{"start":{"line":41,"column":16},"end":{"line":42,"column":58}},"15":{"start":{"line":42,"column":18},"end":{"line":42,"column":58}},"16":{"start":{"line":43,"column":16},"end":{"line":43,"column":34}},"17":{"start":{"line":45,"column":16},"end":{"line":49,"column":17}},"18":{"start":{"line":46,"column":18},"end":{"line":46,"column":62}},"19":{"start":{"line":47,"column":38},"end":{"line":47,"column":72}},"20":{"start":{"line":48,"column":18},"end":{"line":48,"column":51}},"21":{"start":{"line":50,"column":16},"end":{"line":50,"column":35}},"22":{"start":{"line":51,"column":16},"end":{"line":51,"column":43}},"23":{"start":{"line":58,"column":20},"end":{"line":60,"column":29}},"24":{"start":{"line":73,"column":22},"end":{"line":75,"column":31}},"25":{"start":{"line":84,"column":20},"end":{"line":86,"column":29}}},"fnMap":{"0":{"name":"AddToWobbeDrobe","decl":{"start":{"line":13,"column":24},"end":{"line":13,"column":39}},"loc":{"start":{"line":13,"column":42},"end":{"line":96,"column":1}},"line":13},"1":{"name":"(anonymous_1)","decl":{"start":{"line":14,"column":27},"end":{"line":14,"column":28}},"loc":{"start":{"line":14,"column":38},"end":{"line":14,"column":55}},"line":14},"2":{"name":"(anonymous_2)","decl":{"start":{"line":15,"column":27},"end":{"line":15,"column":28}},"loc":{"start":{"line":15,"column":38},"end":{"line":15,"column":55}},"line":15},"3":{"name":"(anonymous_3)","decl":{"start":{"line":23,"column":29},"end":{"line":23,"column":30}},"loc":{"start":{"line":23,"column":35},"end":{"line":23,"column":55}},"line":23},"4":{"name":"(anonymous_4)","decl":{"start":{"line":24,"column":29},"end":{"line":24,"column":30}},"loc":{"start":{"line":24,"column":35},"end":{"line":24,"column":58}},"line":24},"5":{"name":"(anonymous_5)","decl":{"start":{"line":25,"column":29},"end":{"line":25,"column":30}},"loc":{"start":{"line":25,"column":35},"end":{"line":25,"column":59}},"line":25},"6":{"name":"(anonymous_6)","decl":{"start":{"line":26,"column":29},"end":{"line":26,"column":30}},"loc":{"start":{"line":26,"column":35},"end":{"line":26,"column":56}},"line":26},"7":{"name":"(anonymous_7)","decl":{"start":{"line":33,"column":24},"end":{"line":33,"column":25}},"loc":{"start":{"line":33,"column":37},"end":{"line":52,"column":15}},"line":33},"8":{"name":"(anonymous_8)","decl":{"start":{"line":57,"column":45},"end":{"line":57,"column":46}},"loc":{"start":{"line":58,"column":20},"end":{"line":60,"column":29}},"line":58},"9":{"name":"(anonymous_9)","decl":{"start":{"line":72,"column":35},"end":{"line":72,"column":36}},"loc":{"start":{"line":73,"column":22},"end":{"line":75,"column":31}},"line":73},"10":{"name":"(anonymous_10)","decl":{"start":{"line":83,"column":30},"end":{"line":83,"column":31}},"loc":{"start":{"line":84,"column":20},"end":{"line":86,"column":29}},"line":84}},"branchMap":{"0":{"loc":{"start":{"line":18,"column":2},"end":{"line":95,"column":6}},"type":"if","locations":[{"start":{"line":18,"column":2},"end":{"line":95,"column":6}},{"start":{},"end":{}}],"line":18},"1":{"loc":{"start":{"line":21,"column":9},"end":{"line":28,"column":9}},"type":"binary-expr","locations":[{"start":{"line":21,"column":9},"end":{"line":21,"column":19}},{"start":{"line":22,"column":10},"end":{"line":27,"column":16}}],"line":21},"2":{"loc":{"start":{"line":29,"column":9},"end":{"line":93,"column":9}},"type":"binary-expr","locations":[{"start":{"line":29,"column":9},"end":{"line":29,"column":18}},{"start":{"line":30,"column":10},"end":{"line":92,"column":16}}],"line":29},"3":{"loc":{"start":{"line":41,"column":16},"end":{"line":42,"column":58}},"type":"if","locations":[{"start":{"line":41,"column":16},"end":{"line":42,"column":58}},{"start":{},"end":{}}],"line":41},"4":{"loc":{"start":{"line":45,"column":16},"end":{"line":49,"column":17}},"type":"if","locations":[{"start":{"line":45,"column":16},"end":{"line":49,"column":17}},{"start":{},"end":{}}],"line":45},"5":{"loc":{"start":{"line":68,"column":15},"end":{"line":79,"column":15}},"type":"binary-expr","locations":[{"start":{"line":68,"column":15},"end":{"line":68,"column":36}},{"start":{"line":69,"column":16},"end":{"line":78,"column":22}}],"line":68}},"s":{"0":0,"1":0,"2":0,"3":0,"4":0,"5":0,"6":0,"7":0,"8":0,"9":0,"10":0,"11":0,"12":0,"13":0,"14":0,"15":0,"16":0,"17":0,"18":0,"19":0,"20":0,"21":0,"22":0,"23":0,"24":0,"25":0},"f":{"0":0,"1":0,"2":0,"3":0,"4":0,"5":0,"6":0,"7":0,"8":0,"9":0,"10":0},"b":{"0":[0,0],"1":[0,0],"2":[0,0],"3":[0,0],"4":[0,0],"5":[0,0]},"_coverageSchema":"1a1c01bbd47fc00a2c39e90264f33305004495a9","hash":"72d7fe2f0a39a7c1cdfd97f5dd15799d2993c57a"}
,"/Users/alexanderpalazzo/Documents/codesmith/projects/mix-match/client/src/components/pages/GetInspired.jsx": {"path":"/Users/alexanderpalazzo/Documents/codesmith/projects/mix-match/client/src/components/pages/GetInspired.jsx","statementMap":{"0":{"start":{"line":17,"column":19},"end":{"line":17,"column":32}},"1":{"start":{"line":18,"column":15},"end":{"line":18,"column":56}},"2":{"start":{"line":18,"column":38},"end":{"line":18,"column":55}},"3":{"start":{"line":19,"column":19},"end":{"line":19,"column":32}},"4":{"start":{"line":20,"column":42},"end":{"line":20,"column":50}},"5":{"start":{"line":23,"column":4},"end":{"line":24,"column":67}},"6":{"start":{"line":26,"column":30},"end":{"line":31,"column":4}},"7":{"start":{"line":32,"column":2},"end":{"line":32,"column":35}},"8":{"start":{"line":33,"column":38},"end":{"line":33,"column":52}},"9":{"start":{"line":34,"column":34},"end":{"line":34,"column":49}},"10":{"start":{"line":35,"column":28},"end":{"line":35,"column":62}},"11":{"start":{"line":38,"column":25},"end":{"line":38,"column":27}},"12":{"start":{"line":40,"column":24},"end":{"line":40,"column":71}},"13":{"start":{"line":41,"column":4},"end":{"line":41,"column":37}},"14":{"start":{"line":44,"column":6},"end":{"line":45,"column":20}},"15":{"start":{"line":46,"column":4},"end":{"line":54,"column":5}},"16":{"start":{"line":47,"column":28},"end":{"line":47,"column":79}},"17":{"start":{"line":48,"column":6},"end":{"line":48,"column":43}},"18":{"start":{"line":50,"column":24},"end":{"line":50,"column":67}},"19":{"start":{"line":51,"column":27},"end":{"line":51,"column":76}},"20":{"start":{"line":52,"column":6},"end":{"line":52,"column":35}},"21":{"start":{"line":53,"column":6},"end":{"line":53,"column":41}},"22":{"start":{"line":55,"column":4},"end":{"line":55,"column":50}},"23":{"start":{"line":56,"column":4},"end":{"line":56,"column":28}},"24":{"start":{"line":57,"column":4},"end":{"line":57,"column":34}},"25":{"start":{"line":61,"column":17},"end":{"line":61,"column":23}},"26":{"start":{"line":62,"column":4},"end":{"line":62,"column":33}},"27":{"start":{"line":63,"column":4},"end":{"line":66,"column":5}},"28":{"start":{"line":64,"column":18},"end":{"line":64,"column":48}},"29":{"start":{"line":65,"column":6},"end":{"line":65,"column":35}},"30":{"start":{"line":67,"column":4},"end":{"line":67,"column":23}},"31":{"start":{"line":71,"column":4},"end":{"line":89,"column":5}},"32":{"start":{"line":72,"column":19},"end":{"line":76,"column":7}},"33":{"start":{"line":77,"column":6},"end":{"line":77,"column":24}},"34":{"start":{"line":78,"column":6},"end":{"line":78,"column":33}},"35":{"start":{"line":79,"column":26},"end":{"line":79,"column":60}},"36":{"start":{"line":80,"column":6},"end":{"line":80,"column":39}},"37":{"start":{"line":81,"column":6},"end":{"line":81,"column":41}},"38":{"start":{"line":82,"column":6},"end":{"line":87,"column":9}},"39":{"start":{"line":88,"column":6},"end":{"line":88,"column":26}},"40":{"start":{"line":92,"column":2},"end":{"line":178,"column":3}},"41":{"start":{"line":93,"column":4},"end":{"line":165,"column":6}},"42":{"start":{"line":98,"column":14},"end":{"line":98,"column":37}},"43":{"start":{"line":99,"column":14},"end":{"line":99,"column":34}},"44":{"start":{"line":110,"column":16},"end":{"line":110,"column":34}},"45":{"start":{"line":111,"column":16},"end":{"line":111,"column":34}},"46":{"start":{"line":112,"column":16},"end":{"line":112,"column":38}},"47":{"start":{"line":141,"column":14},"end":{"line":145,"column":16}},"48":{"start":{"line":167,"column":4},"end":{"line":177,"column":6}},"49":{"start":{"line":173,"column":31},"end":{"line":173,"column":70}}},"fnMap":{"0":{"name":"GetInspired","decl":{"start":{"line":16,"column":24},"end":{"line":16,"column":35}},"loc":{"start":{"line":16,"column":38},"end":{"line":179,"column":1}},"line":16},"1":{"name":"(anonymous_1)","decl":{"start":{"line":18,"column":27},"end":{"line":18,"column":28}},"loc":{"start":{"line":18,"column":38},"end":{"line":18,"column":55}},"line":18},"2":{"name":"generateRandomOutfit","decl":{"start":{"line":37,"column":11},"end":{"line":37,"column":31}},"loc":{"start":{"line":37,"column":34},"end":{"line":58,"column":3}},"line":37},"3":{"name":"generateAiImage","decl":{"start":{"line":60,"column":17},"end":{"line":60,"column":32}},"loc":{"start":{"line":60,"column":35},"end":{"line":68,"column":3}},"line":60},"4":{"name":"saveNewOOTD","decl":{"start":{"line":70,"column":17},"end":{"line":70,"column":28}},"loc":{"start":{"line":70,"column":31},"end":{"line":90,"column":3}},"line":70},"5":{"name":"(anonymous_5)","decl":{"start":{"line":97,"column":21},"end":{"line":97,"column":22}},"loc":{"start":{"line":97,"column":27},"end":{"line":100,"column":13}},"line":97},"6":{"name":"(anonymous_6)","decl":{"start":{"line":109,"column":23},"end":{"line":109,"column":24}},"loc":{"start":{"line":109,"column":29},"end":{"line":113,"column":15}},"line":109},"7":{"name":"(anonymous_7)","decl":{"start":{"line":140,"column":55},"end":{"line":140,"column":56}},"loc":{"start":{"line":140,"column":64},"end":{"line":146,"column":13}},"line":140},"8":{"name":"(anonymous_8)","decl":{"start":{"line":173,"column":25},"end":{"line":173,"column":26}},"loc":{"start":{"line":173,"column":31},"end":{"line":173,"column":70}},"line":173}},"branchMap":{"0":{"loc":{"start":{"line":23,"column":4},"end":{"line":24,"column":67}},"type":"binary-expr","locations":[{"start":{"line":23,"column":4},"end":{"line":23,"column":20}},{"start":{"line":24,"column":5},"end":{"line":24,"column":23}},{"start":{"line":24,"column":27},"end":{"line":24,"column":66}}],"line":23},"1":{"loc":{"start":{"line":46,"column":4},"end":{"line":54,"column":5}},"type":"if","locations":[{"start":{"line":46,"column":4},"end":{"line":54,"column":5}},{"start":{"line":49,"column":11},"end":{"line":54,"column":5}}],"line":46},"2":{"loc":{"start":{"line":63,"column":4},"end":{"line":66,"column":5}},"type":"if","locations":[{"start":{"line":63,"column":4},"end":{"line":66,"column":5}},{"start":{},"end":{}}],"line":63},"3":{"loc":{"start":{"line":71,"column":4},"end":{"line":89,"column":5}},"type":"if","locations":[{"start":{"line":71,"column":4},"end":{"line":89,"column":5}},{"start":{},"end":{}}],"line":71},"4":{"loc":{"start":{"line":92,"column":2},"end":{"line":178,"column":3}},"type":"if","locations":[{"start":{"line":92,"column":2},"end":{"line":178,"column":3}},{"start":{"line":166,"column":9},"end":{"line":178,"column":3}}],"line":92},"5":{"loc":{"start":{"line":102,"column":13},"end":{"line":105,"column":47}},"type":"binary-expr","locations":[{"start":{"line":102,"column":13},"end":{"line":102,"column":22}},{"start":{"line":103,"column":15},"end":{"line":105,"column":46}}],"line":102},"6":{"loc":{"start":{"line":103,"column":15},"end":{"line":105,"column":46}},"type":"cond-expr","locations":[{"start":{"line":104,"column":18},"end":{"line":104,"column":66}},{"start":{"line":105,"column":18},"end":{"line":105,"column":46}}],"line":103},"7":{"loc":{"start":{"line":107,"column":11},"end":{"line":117,"column":11}},"type":"binary-expr","locations":[{"start":{"line":107,"column":11},"end":{"line":107,"column":40}},{"start":{"line":108,"column":12},"end":{"line":116,"column":21}}],"line":107},"8":{"loc":{"start":{"line":119,"column":9},"end":{"line":132,"column":9}},"type":"binary-expr","locations":[{"start":{"line":119,"column":9},"end":{"line":119,"column":17}},{"start":{"line":120,"column":10},"end":{"line":131,"column":16}}],"line":119},"9":{"loc":{"start":{"line":133,"column":9},"end":{"line":137,"column":9}},"type":"binary-expr","locations":[{"start":{"line":133,"column":9},"end":{"line":133,"column":30}},{"start":{"line":133,"column":34},"end":{"line":133,"column":43}},{"start":{"line":134,"column":10},"end":{"line":136,"column":19}}],"line":133},"10":{"loc":{"start":{"line":138,"column":9},"end":{"line":148,"column":9}},"type":"binary-expr","locations":[{"start":{"line":138,"column":9},"end":{"line":138,"column":43}},{"start":{"line":138,"column":47},"end":{"line":138,"column":58}},{"start":{"line":139,"column":10},"end":{"line":147,"column":16}}],"line":138},"11":{"loc":{"start":{"line":142,"column":16},"end":{"line":144,"column":17}},"type":"binary-expr","locations":[{"start":{"line":142,"column":16},"end":{"line":142,"column":27}},{"start":{"line":143,"column":18},"end":{"line":143,"column":74}}],"line":142},"12":{"loc":{"start":{"line":149,"column":9},"end":{"line":163,"column":9}},"type":"binary-expr","locations":[{"start":{"line":149,"column":9},"end":{"line":149,"column":19}},{"start":{"line":150,"column":10},"end":{"line":162,"column":12}}],"line":149},"13":{"loc":{"start":{"line":154,"column":22},"end":{"line":154,"column":64}},"type":"cond-expr","locations":[{"start":{"line":154,"column":35},"end":{"line":154,"column":52}},{"start":{"line":154,"column":55},"end":{"line":154,"column":64}}],"line":154},"14":{"loc":{"start":{"line":155,"column":25},"end":{"line":155,"column":76}},"type":"cond-expr","locations":[{"start":{"line":155,"column":41},"end":{"line":155,"column":64}},{"start":{"line":155,"column":67},"end":{"line":155,"column":76}}],"line":155},"15":{"loc":{"start":{"line":156,"column":26},"end":{"line":158,"column":27}},"type":"cond-expr","locations":[{"start":{"line":157,"column":18},"end":{"line":157,"column":43}},{"start":{"line":158,"column":18},"end":{"line":158,"column":27}}],"line":156}},"s":{"0":0,"1":0,"2":0,"3":0,"4":0,"5":0,"6":0,"7":0,"8":0,"9":0,"10":0,"11":0,"12":0,"13":0,"14":0,"15":0,"16":0,"17":0,"18":0,"19":0,"20":0,"21":0,"22":0,"23":0,"24":0,"25":0,"26":0,"27":0,"28":0,"29":0,"30":0,"31":0,"32":0,"33":0,"34":0,"35":0,"36":0,"37":0,"38":0,"39":0,"40":0,"41":0,"42":0,"43":0,"44":0,"45":0,"46":0,"47":0,"48":0,"49":0},"f":{"0":0,"1":0,"2":0,"3":0,"4":0,"5":0,"6":0,"7":0,"8":0},"b":{"0":[0,0,0],"1":[0,0],"2":[0,0],"3":[0,0],"4":[0,0],"5":[0,0],"6":[0,0],"7":[0,0],"8":[0,0],"9":[0,0,0],"10":[0,0,0],"11":[0,0],"12":[0,0],"13":[0,0],"14":[0,0],"15":[0,0]},"_coverageSchema":"1a1c01bbd47fc00a2c39e90264f33305004495a9","hash":"7d4bd7dfb309ba4db42a1d56f3656fd6818d2244"}
,"/Users/alexanderpalazzo/Documents/codesmith/projects/mix-match/client/src/components/pages/Home.jsx": {"path":"/Users/alexanderpalazzo/Documents/codesmith/projects/mix-match/client/src/components/pages/Home.jsx","statementMap":{"0":{"start":{"line":9,"column":15},"end":{"line":9,"column":56}},"1":{"start":{"line":9,"column":38},"end":{"line":9,"column":55}},"2":{"start":{"line":10,"column":31},"end":{"line":12,"column":36}},"3":{"start":{"line":11,"column":21},"end":{"line":11,"column":37}},"4":{"start":{"line":12,"column":16},"end":{"line":12,"column":35}},"5":{"start":{"line":13,"column":2},"end":{"line":13,"column":36}},"6":{"start":{"line":14,"column":19},"end":{"line":14,"column":32}},"7":{"start":{"line":15,"column":2},"end":{"line":67,"column":4}},"8":{"start":{"line":54,"column":33},"end":{"line":54,"column":72}},"9":{"start":{"line":57,"column":33},"end":{"line":57,"column":66}},"10":{"start":{"line":61,"column":33},"end":{"line":61,"column":67}}},"fnMap":{"0":{"name":"Home","decl":{"start":{"line":8,"column":24},"end":{"line":8,"column":28}},"loc":{"start":{"line":8,"column":31},"end":{"line":68,"column":1}},"line":8},"1":{"name":"(anonymous_1)","decl":{"start":{"line":9,"column":27},"end":{"line":9,"column":28}},"loc":{"start":{"line":9,"column":38},"end":{"line":9,"column":55}},"line":9},"2":{"name":"(anonymous_2)","decl":{"start":{"line":11,"column":9},"end":{"line":11,"column":10}},"loc":{"start":{"line":11,"column":21},"end":{"line":11,"column":37}},"line":11},"3":{"name":"(anonymous_3)","decl":{"start":{"line":12,"column":10},"end":{"line":12,"column":11}},"loc":{"start":{"line":12,"column":16},"end":{"line":12,"column":35}},"line":12},"4":{"name":"(anonymous_4)","decl":{"start":{"line":54,"column":27},"end":{"line":54,"column":28}},"loc":{"start":{"line":54,"column":33},"end":{"line":54,"column":72}},"line":54},"5":{"name":"(anonymous_5)","decl":{"start":{"line":57,"column":27},"end":{"line":57,"column":28}},"loc":{"start":{"line":57,"column":33},"end":{"line":57,"column":66}},"line":57},"6":{"name":"(anonymous_6)","decl":{"start":{"line":61,"column":27},"end":{"line":61,"column":28}},"loc":{"start":{"line":61,"column":33},"end":{"line":61,"column":67}},"line":61}},"branchMap":{"0":{"loc":{"start":{"line":23,"column":7},"end":{"line":25,"column":7}},"type":"binary-expr","locations":[{"start":{"line":23,"column":7},"end":{"line":23,"column":39}},{"start":{"line":24,"column":8},"end":{"line":24,"column":54}}],"line":23},"1":{"loc":{"start":{"line":26,"column":7},"end":{"line":46,"column":7}},"type":"binary-expr","locations":[{"start":{"line":26,"column":7},"end":{"line":26,"column":39}},{"start":{"line":27,"column":8},"end":{"line":45,"column":14}}],"line":26},"2":{"loc":{"start":{"line":47,"column":7},"end":{"line":65,"column":7}},"type":"binary-expr","locations":[{"start":{"line":47,"column":7},"end":{"line":47,"column":38}},{"start":{"line":48,"column":8},"end":{"line":64,"column":14}}],"line":47}},"s":{"0":0,"1":0,"2":0,"3":0,"4":0,"5":0,"6":0,"7":0,"8":0,"9":0,"10":0},"f":{"0":0,"1":0,"2":0,"3":0,"4":0,"5":0,"6":0},"b":{"0":[0,0],"1":[0,0],"2":[0,0]},"_coverageSchema":"1a1c01bbd47fc00a2c39e90264f33305004495a9","hash":"97d0f1f040428810bc385e6ed9169a5814f79535"}
,"/Users/alexanderpalazzo/Documents/codesmith/projects/mix-match/client/src/components/pages/LandingPage.jsx": {"path":"/Users/alexanderpalazzo/Documents/codesmith/projects/mix-match/client/src/components/pages/LandingPage.jsx","statementMap":{"0":{"start":{"line":13,"column":15},"end":{"line":13,"column":56}},"1":{"start":{"line":13,"column":38},"end":{"line":13,"column":55}},"2":{"start":{"line":14,"column":15},"end":{"line":14,"column":56}},"3":{"start":{"line":14,"column":38},"end":{"line":14,"column":55}},"4":{"start":{"line":15,"column":19},"end":{"line":15,"column":32}},"5":{"start":{"line":17,"column":4},"end":{"line":31,"column":4}},"6":{"start":{"line":28,"column":35},"end":{"line":28,"column":62}}},"fnMap":{"0":{"name":"LandingPage","decl":{"start":{"line":12,"column":24},"end":{"line":12,"column":35}},"loc":{"start":{"line":12,"column":38},"end":{"line":32,"column":1}},"line":12},"1":{"name":"(anonymous_1)","decl":{"start":{"line":13,"column":27},"end":{"line":13,"column":28}},"loc":{"start":{"line":13,"column":38},"end":{"line":13,"column":55}},"line":13},"2":{"name":"(anonymous_2)","decl":{"start":{"line":14,"column":27},"end":{"line":14,"column":28}},"loc":{"start":{"line":14,"column":38},"end":{"line":14,"column":55}},"line":14},"3":{"name":"(anonymous_3)","decl":{"start":{"line":28,"column":29},"end":{"line":28,"column":30}},"loc":{"start":{"line":28,"column":35},"end":{"line":28,"column":62}},"line":28}},"branchMap":{},"s":{"0":3,"1":4,"2":2,"3":4,"4":2,"5":2,"6":0},"f":{"0":3,"1":4,"2":4,"3":0},"b":{},"_coverageSchema":"1a1c01bbd47fc00a2c39e90264f33305004495a9","hash":"d6d386fbab1c467bb9d7b239339a8e7e66b30ddf"}
,"/Users/alexanderpalazzo/Documents/codesmith/projects/mix-match/client/src/components/pages/LogInSignUpBox.jsx": {"path":"/Users/alexanderpalazzo/Documents/codesmith/projects/mix-match/client/src/components/pages/LogInSignUpBox.jsx","statementMap":{"0":{"start":{"line":13,"column":15},"end":{"line":13,"column":56}},"1":{"start":{"line":13,"column":38},"end":{"line":13,"column":55}},"2":{"start":{"line":14,"column":19},"end":{"line":14,"column":32}},"3":{"start":{"line":15,"column":32},"end":{"line":15,"column":46}},"4":{"start":{"line":17,"column":34},"end":{"line":17,"column":49}},"5":{"start":{"line":19,"column":38},"end":{"line":19,"column":52}},"6":{"start":{"line":21,"column":2},"end":{"line":21,"column":28}},"7":{"start":{"line":22,"column":2},"end":{"line":22,"column":23}},"8":{"start":{"line":24,"column":23},"end":{"line":73,"column":3}},"9":{"start":{"line":26,"column":4},"end":{"line":26,"column":23}},"10":{"start":{"line":27,"column":21},"end":{"line":27,"column":44}},"11":{"start":{"line":28,"column":21},"end":{"line":28,"column":44}},"12":{"start":{"line":29,"column":4},"end":{"line":72,"column":5}},"13":{"start":{"line":30,"column":6},"end":{"line":57,"column":7}},"14":{"start":{"line":31,"column":8},"end":{"line":44,"column":9}},"15":{"start":{"line":32,"column":10},"end":{"line":32,"column":60}},"16":{"start":{"line":33,"column":10},"end":{"line":33,"column":30}},"17":{"start":{"line":35,"column":23},"end":{"line":35,"column":45}},"18":{"start":{"line":36,"column":10},"end":{"line":43,"column":11}},"19":{"start":{"line":37,"column":12},"end":{"line":37,"column":45}},"20":{"start":{"line":38,"column":12},"end":{"line":38,"column":32}},"21":{"start":{"line":40,"column":12},"end":{"line":40,"column":42}},"22":{"start":{"line":41,"column":12},"end":{"line":41,"column":55}},"23":{"start":{"line":42,"column":12},"end":{"line":42,"column":63}},"24":{"start":{"line":42,"column":29},"end":{"line":42,"column":55}},"25":{"start":{"line":45,"column":13},"end":{"line":57,"column":7}},"26":{"start":{"line":46,"column":21},"end":{"line":46,"column":67}},"27":{"start":{"line":47,"column":8},"end":{"line":47,"column":37}},"28":{"start":{"line":48,"column":8},"end":{"line":56,"column":9}},"29":{"start":{"line":49,"column":10},"end":{"line":49,"column":43}},"30":{"start":{"line":50,"column":10},"end":{"line":50,"column":36}},"31":{"start":{"line":51,"column":10},"end":{"line":51,"column":61}},"32":{"start":{"line":51,"column":27},"end":{"line":51,"column":53}},"33":{"start":{"line":53,"column":10},"end":{"line":55,"column":12}},"34":{"start":{"line":59,"column":6},"end":{"line":71,"column":7}},"35":{"start":{"line":60,"column":21},"end":{"line":60,"column":68}},"36":{"start":{"line":61,"column":8},"end":{"line":61,"column":37}},"37":{"start":{"line":62,"column":8},"end":{"line":70,"column":9}},"38":{"start":{"line":63,"column":10},"end":{"line":63,"column":45}},"39":{"start":{"line":64,"column":10},"end":{"line":64,"column":36}},"40":{"start":{"line":65,"column":10},"end":{"line":65,"column":61}},"41":{"start":{"line":65,"column":27},"end":{"line":65,"column":53}},"42":{"start":{"line":67,"column":10},"end":{"line":69,"column":12}},"43":{"start":{"line":75,"column":21},"end":{"line":80,"column":3}},"44":{"start":{"line":77,"column":4},"end":{"line":77,"column":27}},"45":{"start":{"line":79,"column":4},"end":{"line":79,"column":19}},"46":{"start":{"line":82,"column":2},"end":{"line":111,"column":4}}},"fnMap":{"0":{"name":"LogInSignUpBox","decl":{"start":{"line":12,"column":24},"end":{"line":12,"column":38}},"loc":{"start":{"line":12,"column":41},"end":{"line":112,"column":1}},"line":12},"1":{"name":"(anonymous_1)","decl":{"start":{"line":13,"column":27},"end":{"line":13,"column":28}},"loc":{"start":{"line":13,"column":38},"end":{"line":13,"column":55}},"line":13},"2":{"name":"(anonymous_2)","decl":{"start":{"line":24,"column":23},"end":{"line":24,"column":24}},"loc":{"start":{"line":24,"column":36},"end":{"line":73,"column":3}},"line":24},"3":{"name":"(anonymous_3)","decl":{"start":{"line":42,"column":23},"end":{"line":42,"column":24}},"loc":{"start":{"line":42,"column":29},"end":{"line":42,"column":55}},"line":42},"4":{"name":"(anonymous_4)","decl":{"start":{"line":51,"column":21},"end":{"line":51,"column":22}},"loc":{"start":{"line":51,"column":27},"end":{"line":51,"column":53}},"line":51},"5":{"name":"(anonymous_5)","decl":{"start":{"line":65,"column":21},"end":{"line":65,"column":22}},"loc":{"start":{"line":65,"column":27},"end":{"line":65,"column":53}},"line":65},"6":{"name":"(anonymous_6)","decl":{"start":{"line":75,"column":21},"end":{"line":75,"column":22}},"loc":{"start":{"line":75,"column":27},"end":{"line":80,"column":3}},"line":75}},"branchMap":{"0":{"loc":{"start":{"line":29,"column":4},"end":{"line":72,"column":5}},"type":"if","locations":[{"start":{"line":29,"column":4},"end":{"line":72,"column":5}},{"start":{"line":58,"column":11},"end":{"line":72,"column":5}}],"line":29},"1":{"loc":{"start":{"line":30,"column":6},"end":{"line":57,"column":7}},"type":"if","locations":[{"start":{"line":30,"column":6},"end":{"line":57,"column":7}},{"start":{"line":45,"column":13},"end":{"line":57,"column":7}}],"line":30},"2":{"loc":{"start":{"line":31,"column":8},"end":{"line":44,"column":9}},"type":"if","locations":[{"start":{"line":31,"column":8},"end":{"line":44,"column":9}},{"start":{"line":34,"column":15},"end":{"line":44,"column":9}}],"line":31},"3":{"loc":{"start":{"line":36,"column":10},"end":{"line":43,"column":11}},"type":"if","locations":[{"start":{"line":36,"column":10},"end":{"line":43,"column":11}},{"start":{"line":39,"column":17},"end":{"line":43,"column":11}}],"line":36},"4":{"loc":{"start":{"line":45,"column":13},"end":{"line":57,"column":7}},"type":"if","locations":[{"start":{"line":45,"column":13},"end":{"line":57,"column":7}},{"start":{},"end":{}}],"line":45},"5":{"loc":{"start":{"line":48,"column":8},"end":{"line":56,"column":9}},"type":"if","locations":[{"start":{"line":48,"column":8},"end":{"line":56,"column":9}},{"start":{"line":52,"column":15},"end":{"line":56,"column":9}}],"line":48},"6":{"loc":{"start":{"line":59,"column":6},"end":{"line":71,"column":7}},"type":"if","locations":[{"start":{"line":59,"column":6},"end":{"line":71,"column":7}},{"start":{},"end":{}}],"line":59},"7":{"loc":{"start":{"line":62,"column":8},"end":{"line":70,"column":9}},"type":"if","locations":[{"start":{"line":62,"column":8},"end":{"line":70,"column":9}},{"start":{"line":66,"column":15},"end":{"line":70,"column":9}}],"line":62},"8":{"loc":{"start":{"line":85,"column":13},"end":{"line":85,"column":45}},"type":"cond-expr","locations":[{"start":{"line":85,"column":24},"end":{"line":85,"column":33}},{"start":{"line":85,"column":36},"end":{"line":85,"column":45}}],"line":85},"9":{"loc":{"start":{"line":96,"column":40},"end":{"line":96,"column":71}},"type":"cond-expr","locations":[{"start":{"line":96,"column":51},"end":{"line":96,"column":60}},{"start":{"line":96,"column":63},"end":{"line":96,"column":71}}],"line":96},"10":{"loc":{"start":{"line":97,"column":13},"end":{"line":105,"column":13}},"type":"binary-expr","locations":[{"start":{"line":97,"column":13},"end":{"line":97,"column":22}},{"start":{"line":98,"column":14},"end":{"line":104,"column":23}}],"line":97},"11":{"loc":{"start":{"line":108,"column":9},"end":{"line":108,"column":56}},"type":"binary-expr","locations":[{"start":{"line":108,"column":9},"end":{"line":108,"column":16}},{"start":{"line":108,"column":20},"end":{"line":108,"column":56}}],"line":108}},"s":{"0":0,"1":0,"2":0,"3":0,"4":0,"5":0,"6":0,"7":0,"8":0,"9":0,"10":0,"11":0,"12":0,"13":0,"14":0,"15":0,"16":0,"17":0,"18":0,"19":0,"20":0,"21":0,"22":0,"23":0,"24":0,"25":0,"26":0,"27":0,"28":0,"29":0,"30":0,"31":0,"32":0,"33":0,"34":0,"35":0,"36":0,"37":0,"38":0,"39":0,"40":0,"41":0,"42":0,"43":0,"44":0,"45":0,"46":0},"f":{"0":0,"1":0,"2":0,"3":0,"4":0,"5":0,"6":0},"b":{"0":[0,0],"1":[0,0],"2":[0,0],"3":[0,0],"4":[0,0],"5":[0,0],"6":[0,0],"7":[0,0],"8":[0,0],"9":[0,0],"10":[0,0],"11":[0,0]},"_coverageSchema":"1a1c01bbd47fc00a2c39e90264f33305004495a9","hash":"cd9ce470697d12fd2fe27137a2ab886525b28305"}
,"/Users/alexanderpalazzo/Documents/codesmith/projects/mix-match/client/src/components/pages/Lookbook.jsx": {"path":"/Users/alexanderpalazzo/Documents/codesmith/projects/mix-match/client/src/components/pages/Lookbook.jsx","statementMap":{"0":{"start":{"line":9,"column":15},"end":{"line":9,"column":56}},"1":{"start":{"line":9,"column":38},"end":{"line":9,"column":55}},"2":{"start":{"line":10,"column":18},"end":{"line":10,"column":29}},"3":{"start":{"line":11,"column":15},"end":{"line":11,"column":56}},"4":{"start":{"line":11,"column":38},"end":{"line":11,"column":55}},"5":{"start":{"line":12,"column":2},"end":{"line":23,"column":6}},"6":{"start":{"line":13,"column":4},"end":{"line":23,"column":6}},"7":{"start":{"line":16,"column":10},"end":{"line":20,"column":12}}},"fnMap":{"0":{"name":"Lookbook","decl":{"start":{"line":8,"column":24},"end":{"line":8,"column":32}},"loc":{"start":{"line":8,"column":35},"end":{"line":24,"column":1}},"line":8},"1":{"name":"(anonymous_1)","decl":{"start":{"line":9,"column":27},"end":{"line":9,"column":28}},"loc":{"start":{"line":9,"column":38},"end":{"line":9,"column":55}},"line":9},"2":{"name":"(anonymous_2)","decl":{"start":{"line":11,"column":27},"end":{"line":11,"column":28}},"loc":{"start":{"line":11,"column":38},"end":{"line":11,"column":55}},"line":11},"3":{"name":"(anonymous_3)","decl":{"start":{"line":15,"column":21},"end":{"line":15,"column":22}},"loc":{"start":{"line":16,"column":10},"end":{"line":20,"column":12}},"line":16}},"branchMap":{"0":{"loc":{"start":{"line":12,"column":2},"end":{"line":23,"column":6}},"type":"if","locations":[{"start":{"line":12,"column":2},"end":{"line":23,"column":6}},{"start":{},"end":{}}],"line":12}},"s":{"0":0,"1":0,"2":0,"3":0,"4":0,"5":0,"6":0,"7":0},"f":{"0":0,"1":0,"2":0,"3":0},"b":{"0":[0,0]},"_coverageSchema":"1a1c01bbd47fc00a2c39e90264f33305004495a9","hash":"8c943f53012193d29fd9d75b81a40e30693d3792"}
,"/Users/alexanderpalazzo/Documents/codesmith/projects/mix-match/client/src/components/pages/UserWobbedrobe.jsx": {"path":"/Users/alexanderpalazzo/Documents/codesmith/projects/mix-match/client/src/components/pages/UserWobbedrobe.jsx","statementMap":{"0":{"start":{"line":7,"column":15},"end":{"line":7,"column":56}},"1":{"start":{"line":7,"column":38},"end":{"line":7,"column":55}},"2":{"start":{"line":8,"column":2},"end":{"line":8,"column":29}},"3":{"start":{"line":9,"column":15},"end":{"line":9,"column":56}},"4":{"start":{"line":9,"column":38},"end":{"line":9,"column":55}},"5":{"start":{"line":10,"column":36},"end":{"line":10,"column":51}},"6":{"start":{"line":11,"column":2},"end":{"line":48,"column":6}},"7":{"start":{"line":12,"column":4},"end":{"line":48,"column":6}},"8":{"start":{"line":15,"column":33},"end":{"line":15,"column":52}},"9":{"start":{"line":16,"column":33},"end":{"line":16,"column":55}},"10":{"start":{"line":17,"column":33},"end":{"line":17,"column":56}},"11":{"start":{"line":18,"column":33},"end":{"line":18,"column":54}},"12":{"start":{"line":19,"column":33},"end":{"line":19,"column":52}},"13":{"start":{"line":25,"column":16},"end":{"line":25,"column":67}},"14":{"start":{"line":28,"column":16},"end":{"line":32,"column":18}},"15":{"start":{"line":40,"column":16},"end":{"line":42,"column":18}},"16":{"start":{"line":41,"column":18},"end":{"line":41,"column":67}}},"fnMap":{"0":{"name":"UserWobbeDrobe","decl":{"start":{"line":6,"column":24},"end":{"line":6,"column":38}},"loc":{"start":{"line":6,"column":41},"end":{"line":49,"column":1}},"line":6},"1":{"name":"(anonymous_1)","decl":{"start":{"line":7,"column":27},"end":{"line":7,"column":28}},"loc":{"start":{"line":7,"column":38},"end":{"line":7,"column":55}},"line":7},"2":{"name":"(anonymous_2)","decl":{"start":{"line":9,"column":27},"end":{"line":9,"column":28}},"loc":{"start":{"line":9,"column":38},"end":{"line":9,"column":55}},"line":9},"3":{"name":"(anonymous_3)","decl":{"start":{"line":15,"column":27},"end":{"line":15,"column":28}},"loc":{"start":{"line":15,"column":33},"end":{"line":15,"column":52}},"line":15},"4":{"name":"(anonymous_4)","decl":{"start":{"line":16,"column":27},"end":{"line":16,"column":28}},"loc":{"start":{"line":16,"column":33},"end":{"line":16,"column":55}},"line":16},"5":{"name":"(anonymous_5)","decl":{"start":{"line":17,"column":27},"end":{"line":17,"column":28}},"loc":{"start":{"line":17,"column":33},"end":{"line":17,"column":56}},"line":17},"6":{"name":"(anonymous_6)","decl":{"start":{"line":18,"column":27},"end":{"line":18,"column":28}},"loc":{"start":{"line":18,"column":33},"end":{"line":18,"column":54}},"line":18},"7":{"name":"(anonymous_7)","decl":{"start":{"line":19,"column":27},"end":{"line":19,"column":28}},"loc":{"start":{"line":19,"column":33},"end":{"line":19,"column":52}},"line":19},"8":{"name":"(anonymous_8)","decl":{"start":{"line":24,"column":20},"end":{"line":24,"column":21}},"loc":{"start":{"line":24,"column":30},"end":{"line":26,"column":15}},"line":24},"9":{"name":"(anonymous_9)","decl":{"start":{"line":27,"column":19},"end":{"line":27,"column":20}},"loc":{"start":{"line":28,"column":16},"end":{"line":32,"column":18}},"line":28},"10":{"name":"(anonymous_10)","decl":{"start":{"line":39,"column":48},"end":{"line":39,"column":49}},"loc":{"start":{"line":40,"column":16},"end":{"line":42,"column":18}},"line":40},"11":{"name":"(anonymous_11)","decl":{"start":{"line":40,"column":39},"end":{"line":40,"column":40}},"loc":{"start":{"line":41,"column":18},"end":{"line":41,"column":67}},"line":41}},"branchMap":{"0":{"loc":{"start":{"line":11,"column":2},"end":{"line":48,"column":6}},"type":"if","locations":[{"start":{"line":11,"column":2},"end":{"line":48,"column":6}},{"start":{},"end":{}}],"line":11},"1":{"loc":{"start":{"line":21,"column":9},"end":{"line":35,"column":9}},"type":"binary-expr","locations":[{"start":{"line":21,"column":9},"end":{"line":21,"column":28}},{"start":{"line":22,"column":10},"end":{"line":34,"column":16}}],"line":21},"2":{"loc":{"start":{"line":36,"column":9},"end":{"line":46,"column":9}},"type":"binary-expr","locations":[{"start":{"line":36,"column":9},"end":{"line":36,"column":28}},{"start":{"line":37,"column":10},"end":{"line":45,"column":16}}],"line":36}},"s":{"0":0,"1":0,"2":0,"3":0,"4":0,"5":0,"6":0,"7":0,"8":0,"9":0,"10":0,"11":0,"12":0,"13":0,"14":0,"15":0,"16":0},"f":{"0":0,"1":0,"2":0,"3":0,"4":0,"5":0,"6":0,"7":0,"8":0,"9":0,"10":0,"11":0},"b":{"0":[0,0],"1":[0,0],"2":[0,0]},"_coverageSchema":"1a1c01bbd47fc00a2c39e90264f33305004495a9","hash":"015a0a5b41ce0480f0f6b218f5b13c11c04aae79"}
,"/Users/alexanderpalazzo/Documents/codesmith/projects/mix-match/client/src/utils/fetchRequests/outfit.js": {"path":"/Users/alexanderpalazzo/Documents/codesmith/projects/mix-match/client/src/utils/fetchRequests/outfit.js","statementMap":{"0":{"start":{"line":2,"column":2},"end":{"line":10,"column":65}},"1":{"start":{"line":9,"column":19},"end":{"line":9,"column":29}},"2":{"start":{"line":10,"column":20},"end":{"line":10,"column":63}},"3":{"start":{"line":14,"column":2},"end":{"line":19,"column":73}},"4":{"start":{"line":18,"column":19},"end":{"line":18,"column":29}},"5":{"start":{"line":19,"column":20},"end":{"line":19,"column":71}},"6":{"start":{"line":23,"column":2},"end":{"line":31,"column":65}},"7":{"start":{"line":30,"column":19},"end":{"line":30,"column":29}},"8":{"start":{"line":31,"column":20},"end":{"line":31,"column":63}},"9":{"start":{"line":35,"column":2},"end":{"line":35,"column":18}},"10":{"start":{"line":36,"column":2},"end":{"line":41,"column":72}},"11":{"start":{"line":40,"column":19},"end":{"line":40,"column":29}},"12":{"start":{"line":41,"column":20},"end":{"line":41,"column":70}},"13":{"start":{"line":45,"column":2},"end":{"line":53,"column":65}},"14":{"start":{"line":52,"column":19},"end":{"line":52,"column":29}},"15":{"start":{"line":53,"column":20},"end":{"line":53,"column":63}}},"fnMap":{"0":{"name":"requestOOTDAdd","decl":{"start":{"line":1,"column":16},"end":{"line":1,"column":30}},"loc":{"start":{"line":1,"column":37},"end":{"line":11,"column":1}},"line":1},"1":{"name":"(anonymous_1)","decl":{"start":{"line":9,"column":10},"end":{"line":9,"column":11}},"loc":{"start":{"line":9,"column":19},"end":{"line":9,"column":29}},"line":9},"2":{"name":"(anonymous_2)","decl":{"start":{"line":10,"column":11},"end":{"line":10,"column":12}},"loc":{"start":{"line":10,"column":20},"end":{"line":10,"column":63}},"line":10},"3":{"name":"requestOOTDGet","decl":{"start":{"line":13,"column":16},"end":{"line":13,"column":30}},"loc":{"start":{"line":13,"column":35},"end":{"line":20,"column":1}},"line":13},"4":{"name":"(anonymous_4)","decl":{"start":{"line":18,"column":10},"end":{"line":18,"column":11}},"loc":{"start":{"line":18,"column":19},"end":{"line":18,"column":29}},"line":18},"5":{"name":"(anonymous_5)","decl":{"start":{"line":19,"column":11},"end":{"line":19,"column":12}},"loc":{"start":{"line":19,"column":20},"end":{"line":19,"column":71}},"line":19},"6":{"name":"requestOOTDUpdate","decl":{"start":{"line":22,"column":16},"end":{"line":22,"column":33}},"loc":{"start":{"line":22,"column":44},"end":{"line":32,"column":1}},"line":22},"7":{"name":"(anonymous_7)","decl":{"start":{"line":30,"column":10},"end":{"line":30,"column":11}},"loc":{"start":{"line":30,"column":19},"end":{"line":30,"column":29}},"line":30},"8":{"name":"(anonymous_8)","decl":{"start":{"line":31,"column":11},"end":{"line":31,"column":12}},"loc":{"start":{"line":31,"column":20},"end":{"line":31,"column":63}},"line":31},"9":{"name":"requestOOTDDelete","decl":{"start":{"line":34,"column":16},"end":{"line":34,"column":33}},"loc":{"start":{"line":34,"column":38},"end":{"line":42,"column":1}},"line":34},"10":{"name":"(anonymous_10)","decl":{"start":{"line":40,"column":10},"end":{"line":40,"column":11}},"loc":{"start":{"line":40,"column":19},"end":{"line":40,"column":29}},"line":40},"11":{"name":"(anonymous_11)","decl":{"start":{"line":41,"column":11},"end":{"line":41,"column":12}},"loc":{"start":{"line":41,"column":20},"end":{"line":41,"column":70}},"line":41},"12":{"name":"requestOOTDAiImage","decl":{"start":{"line":44,"column":16},"end":{"line":44,"column":34}},"loc":{"start":{"line":44,"column":41},"end":{"line":54,"column":1}},"line":44},"13":{"name":"(anonymous_13)","decl":{"start":{"line":52,"column":10},"end":{"line":52,"column":11}},"loc":{"start":{"line":52,"column":19},"end":{"line":52,"column":29}},"line":52},"14":{"name":"(anonymous_14)","decl":{"start":{"line":53,"column":11},"end":{"line":53,"column":12}},"loc":{"start":{"line":53,"column":20},"end":{"line":53,"column":63}},"line":53}},"branchMap":{},"s":{"0":0,"1":0,"2":0,"3":0,"4":0,"5":0,"6":0,"7":0,"8":0,"9":0,"10":0,"11":0,"12":0,"13":0,"14":0,"15":0},"f":{"0":0,"1":0,"2":0,"3":0,"4":0,"5":0,"6":0,"7":0,"8":0,"9":0,"10":0,"11":0,"12":0,"13":0,"14":0},"b":{},"_coverageSchema":"1a1c01bbd47fc00a2c39e90264f33305004495a9","hash":"6a41ccbb88509f9156b5bd90ba1f928ca45f4ce1"}
,"/Users/alexanderpalazzo/Documents/codesmith/projects/mix-match/client/src/utils/fetchRequests/user.js": {"path":"/Users/alexanderpalazzo/Documents/codesmith/projects/mix-match/client/src/utils/fetchRequests/user.js","statementMap":{"0":{"start":{"line":3,"column":2},"end":{"line":11,"column":60}},"1":{"start":{"line":10,"column":19},"end":{"line":10,"column":29}},"2":{"start":{"line":11,"column":20},"end":{"line":11,"column":58}},"3":{"start":{"line":16,"column":2},"end":{"line":24,"column":60}},"4":{"start":{"line":23,"column":19},"end":{"line":23,"column":29}},"5":{"start":{"line":24,"column":20},"end":{"line":24,"column":58}},"6":{"start":{"line":28,"column":2},"end":{"line":35,"column":62}},"7":{"start":{"line":34,"column":19},"end":{"line":34,"column":29}},"8":{"start":{"line":35,"column":20},"end":{"line":35,"column":60}}},"fnMap":{"0":{"name":"requestUserLogin","decl":{"start":{"line":1,"column":16},"end":{"line":1,"column":32}},"loc":{"start":{"line":1,"column":39},"end":{"line":12,"column":1}},"line":1},"1":{"name":"(anonymous_1)","decl":{"start":{"line":10,"column":10},"end":{"line":10,"column":11}},"loc":{"start":{"line":10,"column":19},"end":{"line":10,"column":29}},"line":10},"2":{"name":"(anonymous_2)","decl":{"start":{"line":11,"column":11},"end":{"line":11,"column":12}},"loc":{"start":{"line":11,"column":20},"end":{"line":11,"column":58}},"line":11},"3":{"name":"requestUserSignup","decl":{"start":{"line":14,"column":16},"end":{"line":14,"column":33}},"loc":{"start":{"line":14,"column":40},"end":{"line":25,"column":1}},"line":14},"4":{"name":"(anonymous_4)","decl":{"start":{"line":23,"column":10},"end":{"line":23,"column":11}},"loc":{"start":{"line":23,"column":19},"end":{"line":23,"column":29}},"line":23},"5":{"name":"(anonymous_5)","decl":{"start":{"line":24,"column":11},"end":{"line":24,"column":12}},"loc":{"start":{"line":24,"column":20},"end":{"line":24,"column":58}},"line":24},"6":{"name":"requestGetUser","decl":{"start":{"line":27,"column":16},"end":{"line":27,"column":30}},"loc":{"start":{"line":27,"column":35},"end":{"line":36,"column":1}},"line":27},"7":{"name":"(anonymous_7)","decl":{"start":{"line":34,"column":10},"end":{"line":34,"column":11}},"loc":{"start":{"line":34,"column":19},"end":{"line":34,"column":29}},"line":34},"8":{"name":"(anonymous_8)","decl":{"start":{"line":35,"column":11},"end":{"line":35,"column":12}},"loc":{"start":{"line":35,"column":20},"end":{"line":35,"column":60}},"line":35}},"branchMap":{},"s":{"0":0,"1":0,"2":0,"3":0,"4":0,"5":0,"6":0,"7":0,"8":0},"f":{"0":0,"1":0,"2":0,"3":0,"4":0,"5":0,"6":0,"7":0,"8":0},"b":{},"_coverageSchema":"1a1c01bbd47fc00a2c39e90264f33305004495a9","hash":"f797653fc646406f7a222d56c5a85369b9e3cea6"}
,"/Users/alexanderpalazzo/Documents/codesmith/projects/mix-match/client/src/utils/fetchRequests/wobbedrobe.js": {"path":"/Users/alexanderpalazzo/Documents/codesmith/projects/mix-match/client/src/utils/fetchRequests/wobbedrobe.js","statementMap":{"0":{"start":{"line":2,"column":2},"end":{"line":10,"column":71}},"1":{"start":{"line":9,"column":19},"end":{"line":9,"column":29}},"2":{"start":{"line":10,"column":20},"end":{"line":10,"column":69}},"3":{"start":{"line":14,"column":2},"end":{"line":21,"column":6}},"4":{"start":{"line":18,"column":19},"end":{"line":18,"column":29}},"5":{"start":{"line":20,"column":6},"end":{"line":20,"column":73}},"6":{"start":{"line":25,"column":2},"end":{"line":33,"column":71}},"7":{"start":{"line":32,"column":19},"end":{"line":32,"column":29}},"8":{"start":{"line":33,"column":20},"end":{"line":33,"column":69}},"9":{"start":{"line":37,"column":2},"end":{"line":42,"column":78}},"10":{"start":{"line":41,"column":19},"end":{"line":41,"column":29}},"11":{"start":{"line":42,"column":20},"end":{"line":42,"column":76}},"12":{"start":{"line":46,"column":2},"end":{"line":53,"column":6}},"13":{"start":{"line":50,"column":19},"end":{"line":50,"column":29}},"14":{"start":{"line":52,"column":6},"end":{"line":52,"column":65}}},"fnMap":{"0":{"name":"requestWobbedrobeAdd","decl":{"start":{"line":1,"column":16},"end":{"line":1,"column":36}},"loc":{"start":{"line":1,"column":53},"end":{"line":11,"column":1}},"line":1},"1":{"name":"(anonymous_1)","decl":{"start":{"line":9,"column":10},"end":{"line":9,"column":11}},"loc":{"start":{"line":9,"column":19},"end":{"line":9,"column":29}},"line":9},"2":{"name":"(anonymous_2)","decl":{"start":{"line":10,"column":11},"end":{"line":10,"column":12}},"loc":{"start":{"line":10,"column":20},"end":{"line":10,"column":69}},"line":10},"3":{"name":"requestWobbedrobeGet","decl":{"start":{"line":13,"column":16},"end":{"line":13,"column":36}},"loc":{"start":{"line":13,"column":47},"end":{"line":22,"column":1}},"line":13},"4":{"name":"(anonymous_4)","decl":{"start":{"line":18,"column":10},"end":{"line":18,"column":11}},"loc":{"start":{"line":18,"column":19},"end":{"line":18,"column":29}},"line":18},"5":{"name":"(anonymous_5)","decl":{"start":{"line":19,"column":11},"end":{"line":19,"column":12}},"loc":{"start":{"line":20,"column":6},"end":{"line":20,"column":73}},"line":20},"6":{"name":"requestWobbedrobeUpdate","decl":{"start":{"line":24,"column":16},"end":{"line":24,"column":39}},"loc":{"start":{"line":24,"column":60},"end":{"line":34,"column":1}},"line":24},"7":{"name":"(anonymous_7)","decl":{"start":{"line":32,"column":10},"end":{"line":32,"column":11}},"loc":{"start":{"line":32,"column":19},"end":{"line":32,"column":29}},"line":32},"8":{"name":"(anonymous_8)","decl":{"start":{"line":33,"column":11},"end":{"line":33,"column":12}},"loc":{"start":{"line":33,"column":20},"end":{"line":33,"column":69}},"line":33},"9":{"name":"requestWobbedrobeDelete","decl":{"start":{"line":36,"column":16},"end":{"line":36,"column":39}},"loc":{"start":{"line":36,"column":54},"end":{"line":43,"column":1}},"line":36},"10":{"name":"(anonymous_10)","decl":{"start":{"line":41,"column":10},"end":{"line":41,"column":11}},"loc":{"start":{"line":41,"column":19},"end":{"line":41,"column":29}},"line":41},"11":{"name":"(anonymous_11)","decl":{"start":{"line":42,"column":11},"end":{"line":42,"column":12}},"loc":{"start":{"line":42,"column":20},"end":{"line":42,"column":76}},"line":42},"12":{"name":"requestWobbedrobeGetById","decl":{"start":{"line":45,"column":16},"end":{"line":45,"column":40}},"loc":{"start":{"line":45,"column":55},"end":{"line":54,"column":1}},"line":45},"13":{"name":"(anonymous_13)","decl":{"start":{"line":50,"column":10},"end":{"line":50,"column":11}},"loc":{"start":{"line":50,"column":19},"end":{"line":50,"column":29}},"line":50},"14":{"name":"(anonymous_14)","decl":{"start":{"line":51,"column":11},"end":{"line":51,"column":12}},"loc":{"start":{"line":52,"column":6},"end":{"line":52,"column":65}},"line":52}},"branchMap":{},"s":{"0":0,"1":0,"2":0,"3":0,"4":0,"5":0,"6":0,"7":0,"8":0,"9":0,"10":0,"11":0,"12":0,"13":0,"14":0},"f":{"0":0,"1":0,"2":0,"3":0,"4":0,"5":0,"6":0,"7":0,"8":0,"9":0,"10":0,"11":0,"12":0,"13":0,"14":0},"b":{},"_coverageSchema":"1a1c01bbd47fc00a2c39e90264f33305004495a9","hash":"21cd9c5865f56a4db7c6228fb2369202b8c7bd61"}
,"/Users/alexanderpalazzo/Documents/codesmith/projects/mix-match/client/src/utils/reducers/statusSlice.js": {"path":"/Users/alexanderpalazzo/Documents/codesmith/projects/mix-match/client/src/utils/reducers/statusSlice.js","statementMap":{"0":{"start":{"line":4,"column":21},"end":{"line":7,"column":1}},"1":{"start":{"line":9,"column":27},"end":{"line":26,"column":2}},"2":{"start":{"line":15,"column":6},"end":{"line":17,"column":41}},"3":{"start":{"line":16,"column":8},"end":{"line":16,"column":36}},"4":{"start":{"line":17,"column":13},"end":{"line":17,"column":41}},"5":{"start":{"line":20,"column":6},"end":{"line":20,"column":34}},"6":{"start":{"line":23,"column":6},"end":{"line":23,"column":24}},"7":{"start":{"line":28,"column":51},"end":{"line":28,"column":70}}},"fnMap":{"0":{"name":"(anonymous_0)","decl":{"start":{"line":13,"column":14},"end":{"line":13,"column":15}},"loc":{"start":{"line":13,"column":33},"end":{"line":18,"column":5}},"line":13},"1":{"name":"(anonymous_1)","decl":{"start":{"line":19,"column":15},"end":{"line":19,"column":16}},"loc":{"start":{"line":19,"column":34},"end":{"line":21,"column":5}},"line":19},"2":{"name":"(anonymous_2)","decl":{"start":{"line":22,"column":16},"end":{"line":22,"column":17}},"loc":{"start":{"line":22,"column":35},"end":{"line":24,"column":5}},"line":22}},"branchMap":{"0":{"loc":{"start":{"line":15,"column":6},"end":{"line":17,"column":41}},"type":"if","locations":[{"start":{"line":15,"column":6},"end":{"line":17,"column":41}},{"start":{"line":17,"column":13},"end":{"line":17,"column":41}}],"line":15},"1":{"loc":{"start":{"line":15,"column":10},"end":{"line":15,"column":69}},"type":"binary-expr","locations":[{"start":{"line":15,"column":10},"end":{"line":15,"column":44}},{"start":{"line":15,"column":48},"end":{"line":15,"column":69}}],"line":15}},"s":{"0":2,"1":2,"2":2,"3":1,"4":1,"5":2,"6":1,"7":2},"f":{"0":2,"1":2,"2":1},"b":{"0":[1,1],"1":[2,1]},"_coverageSchema":"1a1c01bbd47fc00a2c39e90264f33305004495a9","hash":"0d95d4e850e90d41672ad0669e4006fe59aabe8b"}
}
